2026-05-19 10:42:32,848 [INFO] 시스템 시작
2026-05-19 10:42:33,525 [INFO] DriveID 167개
2026-05-19 10:42:33,526 [INFO] 미처리파일 167개 처리
2026-05-19 10:42:33,526 [INFO] ▶ 처리: (26.05.04)결정_인천지법(25라5671)_에스티엔 유치권.pdf
2026-05-19 10:42:35,689 [ERROR] AI분석오류:HTTP Error 401: Unauthorized
2026-05-19 10:42:35,689 [INFO]   [업무] (26.05.04)결정_인천지법(25라5671)_에스티엔 유치권.pdf [일반]
2026-05-19 10:42:36,190 [INFO] ▶ 처리: (주)코퍼레이션 계약서.pdf
2026-05-19 10:42:37,605 [ERROR] AI분석오류:HTTP Error 401: Unauthorized
2026-05-19 10:42:37,605 [INFO]   [업무] (주)코퍼레이션 계약서.pdf [일반]
2026-05-19 10:42:38,106 [INFO] ▶ 처리: (주)코퍼레이션 계약서1.pdf
2026-05-19 10:42:39,500 [ERROR] AI분석오류:HTTP Error 401: Unauthorized
2026-05-19 10:42:39,501 [INFO]   [업무] (주)코퍼레이션 계약서1.pdf [일반]
2026-05-19 10:42:40,002 [INFO] ▶ 처리: (주)플래닛네이처미디어.pdf
2026-05-19 10:42:41,424 [ERROR] AI분석오류:HTTP Error 401: Unauthorized
2026-05-19 10:42:41,425 [INFO]   [업무] (주)플래닛네이처미디어.pdf [일반]
2026-05-19 10:42:41,926 [INFO] ▶ 처리: 1056N0069 이민서.pdf
2026-05-19 10:42:43,335 [ERROR] AI분석오류:HTTP Error 401: Unauthorized
2026-05-19 10:42:43,335 [INFO]   [업무] 1056N0069 이민서.pdf [일반]
2026-05-19 10:42:43,836 [INFO] ▶ 처리: 106호 6471.pdf
2026-05-19 10:42:45,246 [ERROR] AI분석오류:HTTP Error 401: Unauthorized
2026-05-19 10:42:45,246 [INFO]   [업무] 106호 6471.pdf [일반]
2026-05-19 10:42:45,747 [INFO] ▶ 처리: 2020-02-23_유치권합의서.pdf
2026-05-19 10:42:47,148 [ERROR] AI분석오류:HTTP Error 401: Unauthorized
2026-05-19 10:42:47,148 [INFO]   [업무] 2020-02-23_유치권합의서.pdf [일반]
2026-05-19 10:42:47,649 [INFO] ▶ 처리: 2020-09-16_씨엘오미디어_피해자측주장관련문서.pdf
2026-05-19 10:42:49,173 [ERROR] AI분석오류:HTTP Error 401: Unauthorized
2026-05-19 10:42:49,173 [INFO]   [업무] 2020-09-16_씨엘오미디어_피해자측주장관련문서.pdf [일반]
2026-05-19 10:42:49,674 [INFO] ▶ 처리: 2023-2025(에스티엔 매출).pdf
2026-05-19 10:42:51,189 [ERROR] AI분석오류:HTTP Error 401: Unauthorized
2026-05-19 10:42:51,189 [INFO]   [업무] 2023-2025(에스티엔 매출).pdf [일반]
2026-05-19 10:42:51,690 [INFO] ▶ 처리: 2024-01-03_에스티엔뉴스_주식인수증.pdf
2026-05-19 10:42:53,111 [ERROR] AI분석오류:HTTP Error 401: Unauthorized
2026-05-19 10:42:53,112 [INFO]   [업무] 2024-01-03_에스티엔뉴스_주식인수증.pdf [일반]
2026-05-19 10:42:53,613 [INFO] ▶ 처리: 2024-01-03_에스티엔뉴스_주식인수증_1.pdf
2026-05-19 10:42:55,011 [ERROR] AI분석오류:HTTP Error 401: Unauthorized
2026-05-19 10:42:55,011 [INFO]   [업무] 2024-01-03_에스티엔뉴스_주식인수증_1.pdf [일반]
2026-05-19 10:42:55,512 [INFO] ▶ 처리: 2024-05-17_에스티엔뉴스_주식양도통지승낙서.pdf
2026-05-19 10:42:56,882 [ERROR] AI분석오류:HTTP Error 401: Unauthorized
2026-05-19 10:42:56,883 [INFO]   [업무] 2024-05-17_에스티엔뉴스_주식양도통지승낙서.pdf [일반]
2026-05-19 10:42:57,384 [INFO] ▶ 처리: 2024-07-06_백제왕도의산_국육상경기대회_콘텐츠제작계약서.pdf
2026-05-19 10:42:58,794 [ERROR] AI분석오류:HTTP Error 401: Unauthorized
2026-05-19 10:42:58,795 [INFO]   [업무] 2024-07-06_백제왕도의산_국육상경기대회_콘텐츠제작계약서.pdf [일반]
2026-05-19 10:42:59,296 [INFO] ▶ 처리: 2024-07-06_백제왕도의산_방송퀴즈리그래픽입찰료.pdf
2026-05-19 10:43:00,703 [ERROR] AI분석오류:HTTP Error 401: Unauthorized
2026-05-19 10:43:00,703 [INFO]   [업무] 2024-07-06_백제왕도의산_방송퀴즈리그래픽입찰료.pdf [일반]
2026-05-19 10:43:01,205 [INFO] ▶ 처리: 2024-12-01_이미정_근로계약서.pdf
2026-05-19 10:43:02,622 [ERROR] AI분석오류:HTTP Error 401: Unauthorized
2026-05-19 10:43:02,623 [INFO]   [업무] 2024-12-01_이미정_근로계약서.pdf [일반]
2026-05-19 10:43:03,124 [INFO] ▶ 처리: 2025-03_이강영_변호인의견서.pdf
2026-05-19 10:43:04,515 [ERROR] AI분석오류:HTTP Error 401: Unauthorized
2026-05-19 10:43:04,516 [INFO]   [업무] 2025-03_이강영_변호인의견서.pdf [일반]
2026-05-19 10:43:05,017 [INFO] ▶ 처리: 2025-04-09_한국직업능력연구원_민간자격등록증.pdf
2026-05-19 10:43:06,551 [ERROR] AI분석오류:HTTP Error 401: Unauthorized
2026-05-19 10:43:06,551 [INFO]   [업무] 2025-04-09_한국직업능력연구원_민간자격등록증.pdf [일반]
2026-05-19 10:43:07,052 [INFO] ▶ 처리: 2025-04-09_한국직업능력연구원_민간자격등록증_1.pdf
2026-05-19 10:43:08,455 [ERROR] AI분석오류:HTTP Error 401: Unauthorized
2026-05-19 10:43:08,455 [INFO]   [업무] 2025-04-09_한국직업능력연구원_민간자격등록증_1.pdf [일반]
2026-05-19 10:43:08,956 [INFO] ▶ 처리: 2025-07-15_IBK기업은행_외국환거래계산서.pdf
2026-05-19 10:43:10,336 [ERROR] AI분석오류:HTTP Error 401: Unauthorized
2026-05-19 10:43:10,337 [INFO]   [업무] 2025-07-15_IBK기업은행_외국환거래계산서.pdf [일반]
2026-05-19 10:43:10,838 [INFO] ▶ 처리: 2025-10-01_스페이스하비_생중계용역계약_내용증명.pdf
2026-05-19 10:43:12,233 [ERROR] AI분석오류:HTTP Error 401: Unauthorized
2026-05-19 10:43:12,233 [INFO]   [업무] 2025-10-01_스페이스하비_생중계용역계약_내용증명.pdf [일반]
2026-05-19 10:43:12,734 [INFO] ▶ 처리: 2025-10-31_송도컨벤시아_전시장임대차계약서.pdf
2026-05-19 10:43:14,252 [ERROR] AI분석오류:HTTP Error 401: Unauthorized
2026-05-19 10:43:14,252 [INFO]   [업무] 2025-10-31_송도컨벤시아_전시장임대차계약서.pdf [일반]
2026-05-19 10:43:14,753 [INFO] ▶ 처리: 2025-11-12_IBK기업은행_외국환거래계산서.pdf
2026-05-19 10:43:16,136 [ERROR] AI분석오류:HTTP Error 401: Unauthorized
2026-05-19 10:43:16,137 [INFO]   [업무] 2025-11-12_IBK기업은행_외국환거래계산서.pdf [일반]
2026-05-19 10:43:16,638 [INFO] ▶ 처리: 2025년 12월분 CRO 급여요청 품의.pdf
2026-05-19 10:43:18,033 [ERROR] AI분석오류:HTTP Error 401: Unauthorized
2026-05-19 10:43:18,034 [INFO]   [업무] 2025년 12월분 CRO 급여요청 품의.pdf [일반]
2026-05-19 10:43:18,535 [INFO] ▶ 처리: 2026 3월 임직원 급여신청.pdf
2026-05-19 10:43:19,941 [ERROR] AI분석오류:HTTP Error 401: Unauthorized
2026-05-19 10:43:19,942 [INFO]   [업무] 2026 3월 임직원 급여신청.pdf [일반]
2026-05-19 10:43:20,443 [INFO] ▶ 처리: 2026-01-20_에스티엔_12월분급여지급품의서.pdf
2026-05-19 10:43:21,848 [ERROR] AI분석오류:HTTP Error 401: Unauthorized
2026-05-19 10:43:21,849 [INFO]   [업무] 2026-01-20_에스티엔_12월분급여지급품의서.pdf [일반]
2026-05-19 10:43:22,350 [INFO] ▶ 처리: 2026-01-20_에스티엔_품의서_금여지급허가신청.pdf
2026-05-19 10:43:23,738 [ERROR] AI분석오류:HTTP Error 401: Unauthorized
2026-05-19 10:43:23,739 [INFO]   [업무] 2026-01-20_에스티엔_품의서_금여지급허가신청.pdf [일반]
2026-05-19 10:43:24,240 [INFO] ▶ 처리: 2026-01-21_이미정_에스티엔수령증.pdf
2026-05-19 10:43:25,714 [ERROR] AI분석오류:HTTP Error 401: Unauthorized
2026-05-19 10:43:25,715 [INFO]   [업무] 2026-01-21_이미정_에스티엔수령증.pdf [일반]
2026-05-19 10:43:26,216 [INFO] ▶ 처리: 2026-01-27_주식회사에스티엔_회생채권이의결의허가신청.pdf
2026-05-19 10:43:27,617 [ERROR] AI분석오류:HTTP Error 401: Unauthorized
2026-05-19 10:43:27,618 [INFO]   [업무] 2026-01-27_주식회사에스티엔_회생채권이의결의허가신청.pdf [일반]
2026-05-19 10:43:28,119 [INFO] ▶ 처리: 2026-01_에스티엔_급여대장.pdf
2026-05-19 10:43:29,518 [ERROR] AI분석오류:HTTP Error 401: Unauthorized
2026-05-19 10:43:29,519 [INFO]   [업무] 2026-01_에스티엔_급여대장.pdf [일반]
2026-05-19 10:43:30,020 [INFO] ▶ 처리: 2026-02-04_개인정보제공동의서.pdf
2026-05-19 10:43:31,657 [ERROR] AI분석오류:HTTP Error 401: Unauthorized
2026-05-19 10:43:31,657 [INFO]   [업무] 2026-02-04_개인정보제공동의서.pdf [일반]
2026-05-19 10:43:32,159 [INFO] ▶ 처리: 2026-02-04_개인정보제공동의서_1.pdf
2026-05-19 10:43:33,558 [ERROR] AI분석오류:HTTP Error 401: Unauthorized
2026-05-19 10:43:33,558 [INFO]   [업무] 2026-02-04_개인정보제공동의서_1.pdf [일반]
2026-05-19 10:43:34,060 [INFO] ▶ 처리: 2026-02-05_에스티앤행송_통합잔액증명서.pdf
2026-05-19 10:43:35,458 [ERROR] AI분석오류:HTTP Error 401: Unauthorized
2026-05-19 10:43:35,458 [INFO]   [업무] 2026-02-05_에스티앤행송_통합잔액증명서.pdf [일반]
2026-05-19 10:43:35,959 [INFO] ▶ 처리: 2026-02-05_인천지방법원_인감증명서_에스티엔뉴스.pdf
2026-05-19 10:43:37,376 [ERROR] AI분석오류:HTTP Error 401: Unauthorized
2026-05-19 10:43:37,377 [INFO]   [업무] 2026-02-05_인천지방법원_인감증명서_에스티엔뉴스.pdf [일반]
2026-05-19 10:43:37,878 [INFO] ▶ 처리: 2026-02-05_인천지법_에스티엔뉴스_인감증명서.pdf
2026-05-19 10:43:39,292 [ERROR] AI분석오류:HTTP Error 401: Unauthorized
2026-05-19 10:43:39,293 [INFO]   [업무] 2026-02-05_인천지법_에스티엔뉴스_인감증명서.pdf [일반]
2026-05-19 10:43:39,794 [INFO] ▶ 처리: 2026-02-26_인천지방법원_보정명령.pdf
2026-05-19 10:43:41,210 [ERROR] AI분석오류:HTTP Error 401: Unauthorized
2026-05-19 10:43:41,211 [INFO]   [업무] 2026-02-26_인천지방법원_보정명령.pdf [일반]
2026-05-19 10:43:41,712 [INFO] ▶ 처리: 2026-03-06_인천지법_제10가합174341호_STN미디어재산명시신청결정.pdf
2026-05-19 10:43:43,095 [ERROR] AI분석오류:HTTP Error 401: Unauthorized
2026-05-19 10:43:43,095 [INFO]   [업무] 2026-03-06_인천지법_제10가합174341호_STN미디어재산명시신청결정.pdf [일반]
2026-05-19 10:43:43,596 [INFO] ▶ 처리: 2026-03-25_주식회사에스티엔_간이회생계획안_인천지법.pdf
2026-05-19 10:43:44,997 [ERROR] AI분석오류:HTTP Error 401: Unauthorized
2026-05-19 10:43:44,998 [INFO]   [업무] 2026-03-25_주식회사에스티엔_간이회생계획안_인천지법.pdf [일반]
2026-05-19 10:43:45,499 [INFO] ▶ 처리: 2026-03-26_주식회사에스티엔_회생채권이의결정허가신청.pdf
2026-05-19 10:43:46,887 [ERROR] AI분석오류:HTTP Error 401: Unauthorized
2026-05-19 10:43:46,887 [INFO]   [업무] 2026-03-26_주식회사에스티엔_회생채권이의결정허가신청.pdf [일반]
2026-05-19 10:43:47,389 [INFO] ▶ 처리: 2026-03-30_에스티엔_간이회생위임장.pdf
2026-05-19 10:43:48,763 [ERROR] AI분석오류:HTTP Error 401: Unauthorized
2026-05-19 10:43:48,763 [INFO]   [업무] 2026-03-30_에스티엔_간이회생위임장.pdf [일반]
2026-05-19 10:43:49,264 [INFO] ▶ 처리: 2026-03_에스티엔_급여대장.pdf
2026-05-19 10:43:50,709 [ERROR] AI분석오류:HTTP Error 401: Unauthorized
2026-05-19 10:43:50,710 [INFO]   [업무] 2026-03_에스티엔_급여대장.pdf [일반]
2026-05-19 10:43:51,211 [INFO] ▶ 처리: 2026-03_주요사항요지_통지총괄현황및개별현황.pdf
2026-05-19 10:43:52,708 [ERROR] AI분석오류:HTTP Error 401: Unauthorized
2026-05-19 10:43:52,708 [INFO]   [업무] 2026-03_주요사항요지_통지총괄현황및개별현황.pdf [일반]
2026-05-19 10:43:53,210 [INFO] ▶ 처리: 2026-03_주요사항통지_총괄현황및개별현황.pdf
2026-05-19 10:43:54,597 [ERROR] AI분석오류:HTTP Error 401: Unauthorized
2026-05-19 10:43:54,598 [INFO]   [업무] 2026-03_주요사항통지_총괄현황및개별현황.pdf [일반]
2026-05-19 10:43:55,099 [INFO] ▶ 처리: 2026-04-01_저브_4월여행프로모션.pdf
2026-05-19 10:43:56,583 [ERROR] AI분석오류:HTTP Error 401: Unauthorized
2026-05-19 10:43:56,583 [INFO]   [업무] 2026-04-01_저브_4월여행프로모션.pdf [일반]
2026-05-19 10:43:57,085 [INFO] ▶ 처리: 2026-04-02_4월30일종료_단돈2만원_헬스케어서비스_안내.pdf
2026-05-19 10:44:00,628 [ERROR] AI분석오류:HTTP Error 401: Unauthorized
2026-05-19 10:44:00,628 [INFO]   [업무] 2026-04-02_4월30일종료_단돈2만원_헬스케어서비스_안내.pdf [일반]
2026-05-19 10:44:01,129 [INFO] ▶ 처리: 2026-04-27_서울평가정보_적격개역이행심사안내.pdf
2026-05-19 10:44:02,505 [ERROR] AI분석오류:HTTP Error 401: Unauthorized
2026-05-19 10:44:02,505 [INFO]   [업무] 2026-04-27_서울평가정보_적격개역이행심사안내.pdf [일반]
2026-05-19 10:44:03,006 [INFO] ▶ 처리: 2026-05-12_4대사회보험_사업장가입자명부.pdf
2026-05-19 10:44:04,429 [ERROR] AI분석오류:HTTP Error 401: Unauthorized
2026-05-19 10:44:04,430 [INFO]   [업무] 2026-05-12_4대사회보험_사업장가입자명부.pdf [일반]
2026-05-19 10:44:04,931 [INFO] ▶ 처리: 2026.1 월간보고서.pdf
2026-05-19 10:44:06,328 [ERROR] AI분석오류:HTTP Error 401: Unauthorized
2026-05-19 10:44:06,328 [INFO]   [업무] 2026.1 월간보고서.pdf [일반]
2026-05-19 10:44:06,830 [INFO] ▶ 처리: 2026.1.13 직원채용 품의서.pdf
2026-05-19 10:44:08,211 [ERROR] AI분석오류:HTTP Error 401: Unauthorized
2026-05-19 10:44:08,212 [INFO]   [업무] 2026.1.13 직원채용 품의서.pdf [일반]
2026-05-19 10:44:08,713 [INFO] ▶ 처리: 2026.4 자금수지상황 보고서.pdf
2026-05-19 10:44:10,085 [ERROR] AI분석오류:HTTP Error 401: Unauthorized
2026-05-19 10:44:10,086 [INFO]   [업무] 2026.4 자금수지상황 보고서.pdf [일반]
2026-05-19 10:44:10,587 [INFO] ▶ 처리: 2026년_1분기_정치자금수입및지출보고서.pdf
2026-05-19 10:44:11,981 [ERROR] AI분석오류:HTTP Error 401: Unauthorized
2026-05-19 10:44:11,981 [INFO]   [업무] 2026년_1분기_정치자금수입및지출보고서.pdf [일반]
2026-05-19 10:44:12,482 [INFO] ▶ 처리: 2026년_1월_급여대장.pdf
2026-05-19 10:44:13,863 [ERROR] AI분석오류:HTTP Error 401: Unauthorized
2026-05-19 10:44:13,864 [INFO]   [업무] 2026년_1월_급여대장.pdf [일반]
2026-05-19 10:44:14,365 [INFO] ▶ 처리: 260309_에스티엔.pdf
2026-05-19 10:44:15,850 [ERROR] AI분석오류:HTTP Error 401: Unauthorized
2026-05-19 10:44:15,850 [INFO]   [업무] 260309_에스티엔.pdf [일반]
2026-05-19 10:44:16,351 [INFO] ▶ 처리: 260309_에스티엔_국세청.pdf
2026-05-19 10:44:17,745 [ERROR] AI분석오류:HTTP Error 401: Unauthorized
2026-05-19 10:44:17,745 [INFO]   [업무] 260309_에스티엔_국세청.pdf [일반]
2026-05-19 10:44:18,246 [INFO] ▶ 처리: 260309_에스티엔뉴스_국세청.pdf
2026-05-19 10:44:19,641 [ERROR] AI분석오류:HTTP Error 401: Unauthorized
2026-05-19 10:44:19,642 [INFO]   [업무] 260309_에스티엔뉴스_국세청.pdf [일반]
2026-05-19 10:44:20,143 [INFO] ▶ 처리: 260320_반송된 우편 (우리카드로반송비결제).pdf
2026-05-19 10:44:21,544 [ERROR] AI분석오류:HTTP Error 401: Unauthorized
2026-05-19 10:44:21,544 [INFO]   [업무] 260320_반송된 우편 (우리카드로반송비결제).pdf [일반]
2026-05-19 10:44:22,045 [INFO] ▶ 처리: 260320_에스티엔.pdf
2026-05-19 10:44:23,423 [ERROR] AI분석오류:HTTP Error 401: Unauthorized
2026-05-19 10:44:23,423 [INFO]   [업무] 260320_에스티엔.pdf [일반]
2026-05-19 10:44:23,924 [INFO] ▶ 처리: 260320_자동차8244과태료.pdf
2026-05-19 10:44:25,335 [ERROR] AI분석오류:HTTP Error 401: Unauthorized
2026-05-19 10:44:25,335 [INFO]   [업무] 260320_자동차8244과태료.pdf [일반]
2026-05-19 10:44:25,837 [INFO] ▶ 처리: 260401_1.pdf
2026-05-19 10:44:27,254 [ERROR] AI분석오류:HTTP Error 401: Unauthorized
2026-05-19 10:44:27,255 [INFO]   [업무] 260401_1.pdf [일반]
2026-05-19 10:44:27,756 [INFO] ▶ 처리: 260403_금빛.pdf
2026-05-19 10:44:29,234 [ERROR] AI분석오류:HTTP Error 401: Unauthorized
2026-05-19 10:44:29,234 [INFO]   [업무] 260403_금빛.pdf [일반]
2026-05-19 10:44:29,735 [INFO] ▶ 처리: 260403_방송.pdf
2026-05-19 10:44:31,111 [ERROR] AI분석오류:HTTP Error 401: Unauthorized
2026-05-19 10:44:31,111 [INFO]   [업무] 260403_방송.pdf [일반]
2026-05-19 10:44:31,613 [INFO] ▶ 처리: 260403_에스티엔.pdf
2026-05-19 10:44:32,996 [ERROR] AI분석오류:HTTP Error 401: Unauthorized
2026-05-19 10:44:32,996 [INFO]   [업무] 260403_에스티엔.pdf [일반]
2026-05-19 10:44:33,497 [INFO] ▶ 처리: 260406_70거4454.pdf
2026-05-19 10:44:34,894 [ERROR] AI분석오류:HTTP Error 401: Unauthorized
2026-05-19 10:44:34,895 [INFO]   [업무] 260406_70거4454.pdf [일반]
2026-05-19 10:44:35,396 [INFO] ▶ 처리: 260406_뉴스.pdf
2026-05-19 10:44:36,787 [ERROR] AI분석오류:HTTP Error 401: Unauthorized
2026-05-19 10:44:36,788 [INFO]   [업무] 260406_뉴스.pdf [일반]
2026-05-19 10:44:37,289 [INFO] ▶ 처리: 260406_에스티엔.pdf
2026-05-19 10:44:38,679 [ERROR] AI분석오류:HTTP Error 401: Unauthorized
2026-05-19 10:44:38,679 [INFO]   [업무] 260406_에스티엔.pdf [일반]
2026-05-19 10:44:39,181 [INFO] ▶ 처리: 260408_미디어허브.pdf
2026-05-19 10:44:41,161 [ERROR] AI분석오류:HTTP Error 401: Unauthorized
2026-05-19 10:44:41,162 [INFO]   [업무] 260408_미디어허브.pdf [일반]
2026-05-19 10:44:41,663 [INFO] ▶ 처리: 260408_전기_807호.pdf
2026-05-19 10:44:43,068 [ERROR] AI분석오류:HTTP Error 401: Unauthorized
2026-05-19 10:44:43,068 [INFO]   [업무] 260408_전기_807호.pdf [일반]
2026-05-19 10:44:43,570 [INFO] ▶ 처리: 260413_에스티엔.pdf
2026-05-19 10:44:44,950 [ERROR] AI분석오류:HTTP Error 401: Unauthorized
2026-05-19 10:44:44,950 [INFO]   [업무] 260413_에스티엔.pdf [일반]
2026-05-19 10:44:45,452 [INFO] ▶ 처리: 260413_에스티엔2.pdf
2026-05-19 10:44:46,857 [ERROR] AI분석오류:HTTP Error 401: Unauthorized
2026-05-19 10:44:46,858 [INFO]   [업무] 260413_에스티엔2.pdf [일반]
2026-05-19 10:44:47,359 [INFO] ▶ 처리: 260413_에스티엔뉴스.pdf
2026-05-19 10:44:48,744 [ERROR] AI분석오류:HTTP Error 401: Unauthorized
2026-05-19 10:44:48,744 [INFO]   [업무] 260413_에스티엔뉴스.pdf [일반]
2026-05-19 10:44:49,245 [INFO] ▶ 처리: 260413_에스티엔미디어.pdf
2026-05-19 10:44:50,696 [ERROR] AI분석오류:HTTP Error 401: Unauthorized
2026-05-19 10:44:50,697 [INFO]   [업무] 260413_에스티엔미디어.pdf [일반]
2026-05-19 10:44:51,198 [INFO] ▶ 처리: 260415_STN(국세청).pdf
2026-05-19 10:44:52,600 [ERROR] AI분석오류:HTTP Error 401: Unauthorized
2026-05-19 10:44:52,600 [INFO]   [업무] 260415_STN(국세청).pdf [일반]
2026-05-19 10:44:53,102 [INFO] ▶ 처리: 260415_STN(기업은행).pdf
2026-05-19 10:44:54,480 [ERROR] AI분석오류:HTTP Error 401: Unauthorized
2026-05-19 10:44:54,481 [INFO]   [업무] 260415_STN(기업은행).pdf [일반]
2026-05-19 10:44:54,982 [INFO] ▶ 처리: 260415_방송(국세청).pdf
2026-05-19 10:44:56,387 [ERROR] AI분석오류:HTTP Error 401: Unauthorized
2026-05-19 10:44:56,387 [INFO]   [업무] 260415_방송(국세청).pdf [일반]
2026-05-19 10:44:56,889 [INFO] ▶ 처리: 260415_방송(기업은행).pdf
2026-05-19 10:44:58,275 [ERROR] AI분석오류:HTTP Error 401: Unauthorized
2026-05-19 10:44:58,275 [INFO]   [업무] 260415_방송(기업은행).pdf [일반]
2026-05-19 10:44:58,777 [INFO] ▶ 처리: 260422_에스티엔.pdf
2026-05-19 10:45:00,167 [ERROR] AI분석오류:HTTP Error 401: Unauthorized
2026-05-19 10:45:00,167 [INFO]   [업무] 260422_에스티엔.pdf [일반]
2026-05-19 10:45:00,669 [INFO] ▶ 처리: 260422_에스티엔방송.pdf
2026-05-19 10:45:02,074 [ERROR] AI분석오류:HTTP Error 401: Unauthorized
2026-05-19 10:45:02,075 [INFO]   [업무] 260422_에스티엔방송.pdf [일반]
2026-05-19 10:45:02,576 [INFO] ▶ 처리: 2월 자금수지상황보고서.pdf
2026-05-19 10:45:03,976 [ERROR] AI분석오류:HTTP Error 401: Unauthorized
2026-05-19 10:45:03,977 [INFO]   [업무] 2월 자금수지상황보고서.pdf [일반]
2026-05-19 10:45:04,479 [INFO] ▶ 처리: CRO급여지급요청품의.pdf
2026-05-19 10:45:05,856 [ERROR] AI분석오류:HTTP Error 401: Unauthorized
2026-05-19 10:45:05,856 [INFO]   [업무] CRO급여지급요청품의.pdf [일반]
2026-05-19 10:45:06,358 [INFO] ▶ 처리: ESG코퍼레이션_에코바이크_홍보및판매대행계약서.pdf
2026-05-19 10:45:07,813 [ERROR] AI분석오류:HTTP Error 401: Unauthorized
2026-05-19 10:45:07,813 [INFO]   [업무] ESG코퍼레이션_에코바이크_홍보및판매대행계약서.pdf [일반]
2026-05-19 10:45:08,314 [INFO] ▶ 처리: ESG코피에이션_에코바이크_홍보판매대행계약서.pdf
2026-05-19 10:45:09,827 [ERROR] AI분석오류:HTTP Error 401: Unauthorized
2026-05-19 10:45:09,828 [INFO]   [업무] ESG코피에이션_에코바이크_홍보판매대행계약서.pdf [일반]
2026-05-19 10:45:10,329 [INFO] ▶ 처리: SCAN_20260518_102639075_20260518_101754.pdf
2026-05-19 10:45:11,751 [ERROR] AI분석오류:HTTP Error 401: Unauthorized
2026-05-19 10:45:11,751 [INFO]   [업무] SCAN_20260518_102639075_20260518_101754.pdf [일반]
2026-05-19 10:45:12,253 [INFO] ▶ 처리: stn 3월 월간보고서.pdf
2026-05-19 10:45:13,706 [ERROR] AI분석오류:HTTP Error 401: Unauthorized
2026-05-19 10:45:13,706 [INFO]   [업무] stn 3월 월간보고서.pdf [일반]
2026-05-19 10:45:14,208 [INFO] ▶ 처리: stn2월 월간보고서.pdf
2026-05-19 10:45:15,653 [ERROR] AI분석오류:HTTP Error 401: Unauthorized
2026-05-19 10:45:15,654 [INFO]   [업무] stn2월 월간보고서.pdf [일반]
2026-05-19 10:45:16,155 [INFO] ▶ 처리: [대표이사 국세완납].pdf
2026-05-19 10:45:17,570 [ERROR] AI분석오류:HTTP Error 401: Unauthorized
2026-05-19 10:45:17,571 [INFO]   [업무] [대표이사 국세완납].pdf [일반]
2026-05-19 10:45:18,073 [INFO] ▶ 처리: [대표이사 지방세완납].pdf
2026-05-19 10:45:19,569 [ERROR] AI분석오류:HTTP Error 401: Unauthorized
2026-05-19 10:45:19,569 [INFO]   [업무] [대표이사 지방세완납].pdf [일반]
2026-05-19 10:45:20,071 [INFO] ▶ 처리: [보완]강릉시_포남동 용마거리.pdf
2026-05-19 10:45:21,524 [ERROR] AI분석오류:HTTP Error 401: Unauthorized
2026-05-19 10:45:21,525 [INFO]   [업무] [보완]강릉시_포남동 용마거리.pdf [일반]
2026-05-19 10:45:22,026 [INFO] ▶ 처리: [보완]강릉시_포남동 용마거리1.pdf
2026-05-19 10:45:23,448 [ERROR] AI분석오류:HTTP Error 401: Unauthorized
2026-05-19 10:45:23,449 [INFO]   [업무] [보완]강릉시_포남동 용마거리1.pdf [일반]
2026-05-19 10:45:23,950 [INFO] ▶ 처리: [첨부]직원신규채용.pdf
2026-05-19 10:45:25,352 [ERROR] AI분석오류:HTTP Error 401: Unauthorized
2026-05-19 10:45:25,353 [INFO]   [업무] [첨부]직원신규채용.pdf [일반]
2026-05-19 10:45:25,854 [INFO] ▶ 처리: 개인정보_수집이용제공조회_및_고객정보활용_동의서.pdf
2026-05-19 10:45:27,376 [ERROR] AI분석오류:HTTP Error 401: Unauthorized
2026-05-19 10:45:27,377 [INFO]   [업무] 개인정보_수집이용제공조회_및_고객정보활용_동의서.pdf [일반]
2026-05-19 10:45:27,878 [INFO] ▶ 처리: 경민창 계약서.pdf
2026-05-19 10:45:29,296 [ERROR] AI분석오류:HTTP Error 401: Unauthorized
2026-05-19 10:45:29,297 [INFO]   [업무] 경민창 계약서.pdf [일반]
2026-05-19 10:45:29,798 [INFO] ▶ 처리: 광고매체 운영(공급)계약서 다이즈하이미디어.pdf
2026-05-19 10:45:31,540 [ERROR] AI분석오류:HTTP Error 401: Unauthorized
2026-05-19 10:45:31,540 [INFO]   [업무] 광고매체 운영(공급)계약서 다이즈하이미디어.pdf [일반]
2026-05-19 10:45:32,042 [INFO] ▶ 처리: 광고매체 운영(공급)계약서2.pdf
2026-05-19 10:45:33,468 [ERROR] AI분석오류:HTTP Error 401: Unauthorized
2026-05-19 10:45:33,468 [INFO]   [업무] 광고매체 운영(공급)계약서2.pdf [일반]
2026-05-19 10:45:33,969 [INFO] ▶ 처리: 국민건강보험.pdf
2026-05-19 10:45:35,401 [ERROR] AI분석오류:HTTP Error 401: Unauthorized
2026-05-19 10:45:35,402 [INFO]   [업무] 국민건강보험.pdf [일반]
2026-05-19 10:45:35,903 [INFO] ▶ 처리: 김경아 27일.pdf
2026-05-19 10:45:37,314 [ERROR] AI분석오류:HTTP Error 401: Unauthorized
2026-05-19 10:45:37,314 [INFO]   [업무] 김경아 27일.pdf [일반]
2026-05-19 10:45:37,815 [INFO] ▶ 처리: 김경아 신청서.pdf
2026-05-19 10:45:39,238 [ERROR] AI분석오류:HTTP Error 401: Unauthorized
2026-05-19 10:45:39,238 [INFO]   [업무] 김경아 신청서.pdf [일반]
2026-05-19 10:45:39,740 [INFO] ▶ 처리: 김경아.pdf
2026-05-19 10:45:41,140 [ERROR] AI분석오류:HTTP Error 401: Unauthorized
2026-05-19 10:45:41,140 [INFO]   [업무] 김경아.pdf [일반]
2026-05-19 10:45:41,642 [INFO] ▶ 처리: 김윤석 소송.pdf
2026-05-19 10:45:43,168 [ERROR] AI분석오류:HTTP Error 401: Unauthorized
2026-05-19 10:45:43,169 [INFO]   [업무] 김윤석 소송.pdf [일반]
2026-05-19 10:45:43,670 [INFO] ▶ 처리: 김준영 연봉계약서.pdf
2026-05-19 10:45:45,465 [ERROR] AI분석오류:HTTP Error 401: Unauthorized
2026-05-19 10:45:45,466 [INFO]   [업무] 김준영 연봉계약서.pdf [일반]
2026-05-19 10:45:45,967 [INFO] ▶ 처리: 내용증명 마산.pdf
2026-05-19 10:45:47,390 [ERROR] AI분석오류:HTTP Error 401: Unauthorized
2026-05-19 10:45:47,391 [INFO]   [업무] 내용증명 마산.pdf [일반]
2026-05-19 10:45:47,893 [INFO] ▶ 처리: 네이버 거래처 등록.pdf
2026-05-19 10:45:49,294 [ERROR] AI분석오류:HTTP Error 401: Unauthorized
2026-05-19 10:45:49,294 [INFO]   [업무] 네이버 거래처 등록.pdf [일반]
2026-05-19 10:45:49,796 [INFO] ▶ 처리: 네이버_스마트콘텐츠스튜디오_단체계정본인확인서_에스티엔뉴스.pdf
2026-05-19 10:45:51,184 [ERROR] AI분석오류:HTTP Error 401: Unauthorized
2026-05-19 10:45:51,184 [INFO]   [업무] 네이버_스마트콘텐츠스튜디오_단체계정본인확인서_에스티엔뉴스.pdf [일반]
2026-05-19 10:45:51,686 [INFO] ▶ 처리: 답변서_2026가단104265_(어뮤즈).pdf
2026-05-19 10:45:53,068 [ERROR] AI분석오류:HTTP Error 401: Unauthorized
2026-05-19 10:45:53,069 [INFO]   [업무] 답변서_2026가단104265_(어뮤즈).pdf [일반]
2026-05-19 10:45:53,570 [INFO] ▶ 처리: 대표자변경확인서.pdf
2026-05-19 10:45:54,975 [ERROR] AI분석오류:HTTP Error 401: Unauthorized
2026-05-19 10:45:54,975 [INFO]   [업무] 대표자변경확인서.pdf [일반]
2026-05-19 10:45:55,477 [INFO] ▶ 처리: 도장이미지_붉은색인장.pdf
2026-05-19 10:45:56,874 [ERROR] AI분석오류:HTTP Error 401: Unauthorized
2026-05-19 10:45:56,875 [INFO]   [업무] 도장이미지_붉은색인장.pdf [일반]
2026-05-19 10:45:57,376 [INFO] ▶ 처리: 등기권리증.pdf
2026-05-19 10:45:58,932 [ERROR] AI분석오류:HTTP Error 401: Unauthorized
2026-05-19 10:45:58,932 [INFO]   [업무] 등기권리증.pdf [일반]
2026-05-19 10:45:59,433 [INFO] ▶ 처리: 문서 이미지가 거의 비어있어 내용을 확인할 수 없습니다. 중앙에 작은 붉은색 도장_인장만 보이는 상태입니다..pdf
2026-05-19 10:46:00,806 [ERROR] AI분석오류:HTTP Error 401: Unauthorized
2026-05-19 10:46:00,806 [INFO]   [업무] 문서 이미지가 거의 비어있어 내용을 확인할 수 없습니다. 중앙에 작은 붉은색 도장_인장만 보이는 상태입니다..pdf [일반]
2026-05-19 10:46:00,808 [INFO] 파일명변경:문서 이미지가 거의 비어있어 내용을 확인할 수 없습니다. 중앙에 작은 붉은색 도장_인장만 보이는 상태입니다..pdf→문서 이미지가 거의 비어있어 내용을 확인할 수 없습니다. 중앙에 작은 붉은색 도장_인장만 보이는 상태입니다.pdf
2026-05-19 10:46:01,309 [INFO] ▶ 처리: 부동산명령.pdf
2026-05-19 10:46:02,718 [ERROR] AI분석오류:HTTP Error 401: Unauthorized
2026-05-19 10:46:02,719 [INFO]   [업무] 부동산명령.pdf [일반]
2026-05-19 10:46:03,220 [INFO] ▶ 처리: 부평세무소.pdf
2026-05-19 10:46:04,628 [ERROR] AI분석오류:HTTP Error 401: Unauthorized
2026-05-19 10:46:04,628 [INFO]   [업무] 부평세무소.pdf [일반]
2026-05-19 10:46:05,130 [INFO] ▶ 처리: 부평세무소2.pdf
2026-05-19 10:46:06,525 [ERROR] AI분석오류:HTTP Error 401: Unauthorized
2026-05-19 10:46:06,526 [INFO]   [업무] 부평세무소2.pdf [일반]
2026-05-19 10:46:07,027 [INFO] ▶ 처리: 부평테크노타워 관리비.pdf
2026-05-19 10:46:08,558 [ERROR] AI분석오류:HTTP Error 401: Unauthorized
2026-05-19 10:46:08,558 [INFO]   [업무] 부평테크노타워 관리비.pdf [일반]
2026-05-19 10:46:09,060 [INFO] ▶ 처리: 부평테크노타워 등기부.pdf
2026-05-19 10:46:10,471 [ERROR] AI분석오류:HTTP Error 401: Unauthorized
2026-05-19 10:46:10,471 [INFO]   [업무] 부평테크노타워 등기부.pdf [일반]
2026-05-19 10:46:10,973 [INFO] ▶ 처리: 사실확인서.pdf
2026-05-19 10:46:12,343 [ERROR] AI분석오류:HTTP Error 401: Unauthorized
2026-05-19 10:46:12,343 [INFO]   [업무] 사실확인서.pdf [일반]
2026-05-19 10:46:12,845 [INFO] ▶ 처리: 사업권 양도 양수.pdf
2026-05-19 10:46:14,220 [ERROR] AI분석오류:HTTP Error 401: Unauthorized
2026-05-19 10:46:14,220 [INFO]   [업무] 사업권 양도 양수.pdf [일반]
2026-05-19 10:46:14,722 [INFO] ▶ 처리: 사후관리 조사 협조 이행 확약서.pdf
2026-05-19 10:46:16,138 [ERROR] AI분석오류:HTTP Error 401: Unauthorized
2026-05-19 10:46:16,139 [INFO]   [업무] 사후관리 조사 협조 이행 확약서.pdf [일반]
2026-05-19 10:46:16,640 [INFO] ▶ 처리: 서약서.pdf
2026-05-19 10:46:18,143 [ERROR] AI분석오류:HTTP Error 401: Unauthorized
2026-05-19 10:46:18,144 [INFO]   [업무] 서약서.pdf [일반]
2026-05-19 10:46:18,645 [INFO] ▶ 처리: 소상공인 금유지원 신청서.pdf
2026-05-19 10:46:20,025 [ERROR] AI분석오류:HTTP Error 401: Unauthorized
2026-05-19 10:46:20,025 [INFO]   [업무] 소상공인 금유지원 신청서.pdf [일반]
2026-05-19 10:46:20,527 [INFO] ▶ 처리: 에스티엔 3월 급여대장 심창호.pdf
2026-05-19 10:46:21,953 [ERROR] AI분석오류:HTTP Error 401: Unauthorized
2026-05-19 10:46:21,953 [INFO]   [업무] 에스티엔 3월 급여대장 심창호.pdf [일반]
2026-05-19 10:46:22,455 [INFO] ▶ 처리: 에스티엔 3월 급여대장.pdf
2026-05-19 10:46:23,964 [ERROR] AI분석오류:HTTP Error 401: Unauthorized
2026-05-19 10:46:23,964 [INFO]   [업무] 에스티엔 3월 급여대장.pdf [일반]
2026-05-19 10:46:24,466 [INFO] ▶ 처리: 에스티엔 통장보고CRO.pdf
2026-05-19 10:46:25,852 [ERROR] AI분석오류:HTTP Error 401: Unauthorized
2026-05-19 10:46:25,853 [INFO]   [업무] 에스티엔 통장보고CRO.pdf [일반]
2026-05-19 10:46:26,355 [INFO] ▶ 처리: 에스티엔뉴스 약정금 2.26 수령.pdf
2026-05-19 10:46:27,740 [ERROR] AI분석오류:HTTP Error 401: Unauthorized
2026-05-19 10:46:27,741 [INFO]   [업무] 에스티엔뉴스 약정금 2.26 수령.pdf [일반]
2026-05-19 10:46:28,242 [INFO] ▶ 처리: 에스티엔뉴스 약정금 3.3 수령.pdf
2026-05-19 10:46:29,630 [ERROR] AI분석오류:HTTP Error 401: Unauthorized
2026-05-19 10:46:29,631 [INFO]   [업무] 에스티엔뉴스 약정금 3.3 수령.pdf [일반]
2026-05-19 10:46:30,132 [INFO] ▶ 처리: 에스티엔뉴스 약정금.pdf
2026-05-19 10:46:31,512 [ERROR] AI분석오류:HTTP Error 401: Unauthorized
2026-05-19 10:46:31,513 [INFO]   [업무] 에스티엔뉴스 약정금.pdf [일반]
2026-05-19 10:46:32,014 [INFO] ▶ 처리: 에스티엔등기부등본(말소포함).pdf
2026-05-19 10:46:33,430 [ERROR] AI분석오류:HTTP Error 401: Unauthorized
2026-05-19 10:46:33,430 [INFO]   [업무] 에스티엔등기부등본(말소포함).pdf [일반]
2026-05-19 10:46:33,932 [INFO] ▶ 처리: 에스티엔미디어 등기부.pdf
2026-05-19 10:46:35,374 [ERROR] AI분석오류:HTTP Error 401: Unauthorized
2026-05-19 10:46:35,374 [INFO]   [업무] 에스티엔미디어 등기부.pdf [일반]
2026-05-19 10:46:35,876 [INFO] ▶ 처리: 에스티엔미디어 송출대행료 청구.pdf
2026-05-19 10:46:37,365 [ERROR] AI분석오류:HTTP Error 401: Unauthorized
2026-05-19 10:46:37,366 [INFO]   [업무] 에스티엔미디어 송출대행료 청구.pdf [일반]
2026-05-19 10:46:37,867 [INFO] ▶ 처리: 에스티엔미디어 송출료소송.pdf
2026-05-19 10:46:39,370 [ERROR] AI분석오류:HTTP Error 401: Unauthorized
2026-05-19 10:46:39,370 [INFO]   [업무] 에스티엔미디어 송출료소송.pdf [일반]
2026-05-19 10:46:39,872 [INFO] ▶ 처리: 에스티엔미디어 중부모범.pdf
2026-05-19 10:46:41,404 [ERROR] AI분석오류:HTTP Error 401: Unauthorized
2026-05-19 10:46:41,405 [INFO]   [업무] 에스티엔미디어 중부모범.pdf [일반]
2026-05-19 10:46:41,906 [INFO] ▶ 처리: 에스티엔미디어 최병욱 사실관계.pdf
2026-05-19 10:46:43,273 [ERROR] AI분석오류:HTTP Error 401: Unauthorized
2026-05-19 10:46:43,274 [INFO]   [업무] 에스티엔미디어 최병욱 사실관계.pdf [일반]
2026-05-19 10:46:43,776 [INFO] ▶ 처리: 에스티엔미디어 훼미리티브 광고종료.pdf
2026-05-19 10:46:45,139 [ERROR] AI분석오류:HTTP Error 401: Unauthorized
2026-05-19 10:46:45,139 [INFO]   [업무] 에스티엔미디어 훼미리티브 광고종료.pdf [일반]
2026-05-19 10:46:45,641 [INFO] ▶ 처리: 에스티엔미디어지방세완납].pdf
2026-05-19 10:46:47,063 [ERROR] AI분석오류:HTTP Error 401: Unauthorized
2026-05-19 10:46:47,064 [INFO]   [업무] 에스티엔미디어지방세완납].pdf [일반]
2026-05-19 10:46:47,566 [INFO] ▶ 처리: 에스티엔방송_전략적파트너십계약서.pdf
2026-05-19 10:46:48,949 [ERROR] AI분석오류:HTTP Error 401: Unauthorized
2026-05-19 10:46:48,950 [INFO]   [업무] 에스티엔방송_전략적파트너십계약서.pdf [일반]
2026-05-19 10:46:49,451 [INFO] ▶ 처리: 에코바이크_홍보및판매대행계약서.pdf
2026-05-19 10:46:50,819 [ERROR] AI분석오류:HTTP Error 401: Unauthorized
2026-05-19 10:46:50,820 [INFO]   [업무] 에코바이크_홍보및판매대행계약서.pdf [일반]
2026-05-19 10:46:51,321 [INFO] ▶ 처리: 에코파이크_홍보및판매대행계약서.pdf
2026-05-19 10:46:52,695 [ERROR] AI분석오류:HTTP Error 401: Unauthorized
2026-05-19 10:46:52,695 [INFO]   [업무] 에코파이크_홍보및판매대행계약서.pdf [일반]
2026-05-19 10:46:53,197 [INFO] ▶ 처리: 영수증.pdf
2026-05-19 10:46:54,585 [ERROR] AI분석오류:HTTP Error 401: Unauthorized
2026-05-19 10:46:54,585 [INFO]   [업무] 영수증.pdf [일반]
2026-05-19 10:46:55,087 [INFO] ▶ 처리: 우체국 2025.1-12.15.pdf
2026-05-19 10:46:56,588 [ERROR] AI분석오류:HTTP Error 401: Unauthorized
2026-05-19 10:46:56,589 [INFO]   [업무] 우체국 2025.1-12.15.pdf [일반]
2026-05-19 10:46:57,091 [INFO] ▶ 처리: 이강영 특가중.pdf
2026-05-19 10:46:58,472 [ERROR] AI분석오류:HTTP Error 401: Unauthorized
2026-05-19 10:46:58,472 [INFO]   [업무] 이강영 특가중.pdf [일반]
2026-05-19 10:46:58,974 [INFO] ▶ 처리: 이강영관제인도장.pdf
2026-05-19 10:47:00,272 [ERROR] AI분석오류:HTTP Error 401: Unauthorized
2026-05-19 10:47:00,273 [INFO]   [업무] 이강영관제인도장.pdf [일반]
2026-05-19 10:47:00,775 [INFO] ▶ 처리: 이미정 개인회생 이체내역.pdf
2026-05-19 10:47:02,152 [ERROR] AI분석오류:HTTP Error 401: Unauthorized
2026-05-19 10:47:02,152 [INFO]   [업무] 이미정 개인회생 이체내역.pdf [일반]
2026-05-19 10:47:02,654 [INFO] ▶ 처리: 이미정 개인회생 채권자목록.pdf
2026-05-19 10:47:04,037 [ERROR] AI분석오류:HTTP Error 401: Unauthorized
2026-05-19 10:47:04,037 [INFO]   [업무] 이미정 개인회생 채권자목록.pdf [일반]
2026-05-19 10:47:04,539 [INFO] ▶ 처리: 이미정 개인회생 판결문.pdf
2026-05-19 10:47:05,947 [ERROR] AI분석오류:HTTP Error 401: Unauthorized
2026-05-19 10:47:05,947 [INFO]   [업무] 이미정 개인회생 판결문.pdf [일반]
2026-05-19 10:47:06,450 [INFO] ▶ 처리: 이미정 건강보험.pdf
2026-05-19 10:47:07,859 [ERROR] AI분석오류:HTTP Error 401: Unauthorized
2026-05-19 10:47:07,859 [INFO]   [업무] 이미정 건강보험.pdf [일반]
2026-05-19 10:47:08,362 [INFO] ▶ 처리: 이미정 연봉계약서.pdf
2026-05-19 10:47:09,757 [ERROR] AI분석오류:HTTP Error 401: Unauthorized
2026-05-19 10:47:09,757 [INFO]   [업무] 이미정 연봉계약서.pdf [일반]
2026-05-19 10:47:10,259 [INFO] ▶ 처리: 이미정 이력서.pdf
2026-05-19 10:47:11,996 [ERROR] AI분석오류:HTTP Error 401: Unauthorized
2026-05-19 10:47:11,996 [INFO]   [업무] 이미정 이력서.pdf [일반]
2026-05-19 10:47:12,498 [INFO] ▶ 처리: 이미정,김준영 이력서 및 근록계약서.pdf
2026-05-19 10:47:13,892 [ERROR] AI분석오류:HTTP Error 401: Unauthorized
2026-05-19 10:47:13,892 [INFO]   [업무] 이미정,김준영 이력서 및 근록계약서.pdf [일반]
2026-05-19 10:47:14,394 [INFO] ▶ 처리: 전대차계약서.pdf
2026-05-19 10:47:15,897 [ERROR] AI분석오류:HTTP Error 401: Unauthorized
2026-05-19 10:47:15,898 [INFO]   [업무] 전대차계약서.pdf [일반]
2026-05-19 10:47:16,400 [INFO] ▶ 처리: 전대차동의서.pdf
2026-05-19 10:47:17,776 [ERROR] AI분석오류:HTTP Error 401: Unauthorized
2026-05-19 10:47:17,776 [INFO]   [업무] 전대차동의서.pdf [일반]
2026-05-19 10:47:18,278 [INFO] ▶ 처리: 전략적파트너십계약서_STN모아플랫폼_최종훈에스티엔방송.pdf
2026-05-19 10:47:19,660 [ERROR] AI분석오류:HTTP Error 401: Unauthorized
2026-05-19 10:47:19,660 [INFO]   [업무] 전략적파트너십계약서_STN모아플랫폼_최종훈에스티엔방송.pdf [일반]
2026-05-19 10:47:20,162 [INFO] ▶ 처리: 정기학 용역비.pdf
2026-05-19 10:47:21,536 [ERROR] AI분석오류:HTTP Error 401: Unauthorized
2026-05-19 10:47:21,536 [INFO]   [업무] 정기학 용역비.pdf [일반]
2026-05-19 10:47:22,038 [INFO] ▶ 처리: 제2026-09호 첨부.pdf
2026-05-19 10:47:23,426 [ERROR] AI분석오류:HTTP Error 401: Unauthorized
2026-05-19 10:47:23,426 [INFO]   [업무] 제2026-09호 첨부.pdf [일반]
2026-05-19 10:47:23,928 [INFO] ▶ 처리: 중부모범 답변서.pdf
2026-05-19 10:47:25,300 [ERROR] AI분석오류:HTTP Error 401: Unauthorized
2026-05-19 10:47:25,301 [INFO]   [업무] 중부모범 답변서.pdf [일반]
2026-05-19 10:47:25,802 [INFO] ▶ 처리: 중부모범답변.pdf
2026-05-19 10:47:29,375 [ERROR] AI분석오류:HTTP Error 401: Unauthorized
2026-05-19 10:47:29,375 [INFO]   [업무] 중부모범답변.pdf [일반]
2026-05-19 10:47:29,877 [INFO] ▶ 처리: 중진공 공문.pdf
2026-05-19 10:47:31,259 [ERROR] AI분석오류:HTTP Error 401: Unauthorized
2026-05-19 10:47:31,260 [INFO]   [업무] 중진공 공문.pdf [일반]
2026-05-19 10:47:31,761 [INFO] ▶ 처리: 증명사진.pdf
2026-05-19 10:47:33,145 [ERROR] AI분석오류:HTTP Error 401: Unauthorized
2026-05-19 10:47:33,145 [INFO]   [업무] 증명사진.pdf [일반]
2026-05-19 10:47:33,647 [INFO] ▶ 처리: 차주화 진술서 (2).pdf
2026-05-19 10:47:35,102 [ERROR] AI분석오류:HTTP Error 401: Unauthorized
2026-05-19 10:47:35,102 [INFO]   [업무] 차주화 진술서 (2).pdf [일반]
2026-05-19 10:47:35,604 [INFO] ▶ 처리: 처브시책.pdf
2026-05-19 10:47:37,159 [ERROR] AI분석오류:HTTP Error 401: Unauthorized
2026-05-19 10:47:37,159 [INFO]   [업무] 처브시책.pdf [일반]
2026-05-19 10:47:37,661 [INFO] ▶ 처리: 처브헬스케어.pdf
2026-05-19 10:47:39,155 [ERROR] AI분석오류:HTTP Error 401: Unauthorized
2026-05-19 10:47:39,156 [INFO]   [업무] 처브헬스케어.pdf [일반]
2026-05-19 10:47:39,657 [INFO] ▶ 처리: 첨부 영수증.pdf
2026-05-19 10:47:41,040 [ERROR] AI분석오류:HTTP Error 401: Unauthorized
2026-05-19 10:47:41,041 [INFO]   [업무] 첨부 영수증.pdf [일반]
2026-05-19 10:47:41,543 [INFO] ▶ 처리: 첨부서류 1-4.pdf
2026-05-19 10:47:42,960 [ERROR] AI분석오류:HTTP Error 401: Unauthorized
2026-05-19 10:47:42,960 [INFO]   [업무] 첨부서류 1-4.pdf [일반]
2026-05-19 10:47:43,462 [INFO] ▶ 처리: 첨부서류4 수령증.pdf
2026-05-19 10:47:44,857 [ERROR] AI분석오류:HTTP Error 401: Unauthorized
2026-05-19 10:47:44,857 [INFO]   [업무] 첨부서류4 수령증.pdf [일반]
2026-05-19 10:47:45,360 [INFO] ▶ 처리: 플래닛네이처미디어 법인인감증명서.pdf
2026-05-19 10:47:46,865 [ERROR] AI분석오류:HTTP Error 401: Unauthorized
2026-05-19 10:47:46,866 [INFO]   [업무] 플래닛네이처미디어 법인인감증명서.pdf [일반]
2026-05-19 10:47:47,367 [INFO] ▶ 처리: 플래닛네이처미디어사업자등록증.pdf
2026-05-19 10:47:48,743 [ERROR] AI분석오류:HTTP Error 401: Unauthorized
2026-05-19 10:47:48,744 [INFO]   [업무] 플래닛네이처미디어사업자등록증.pdf [일반]
2026-05-19 10:47:49,245 [INFO] ▶ 처리: 플래닛부동산 임대차 계약서.pdf
2026-05-19 10:47:50,735 [ERROR] AI분석오류:HTTP Error 401: Unauthorized
2026-05-19 10:47:50,735 [INFO]   [업무] 플래닛부동산 임대차 계약서.pdf [일반]
2026-05-19 10:47:51,237 [INFO] ▶ 처리: 플레닛 법인인감증명서.pdf
2026-05-19 10:47:52,636 [ERROR] AI분석오류:HTTP Error 401: Unauthorized
2026-05-19 10:47:52,637 [INFO]   [업무] 플레닛 법인인감증명서.pdf [일반]
2026-05-19 10:47:53,138 [INFO] ▶ 처리: 플레닛네이처(비디오물제작업).pdf
2026-05-19 10:47:54,525 [ERROR] AI분석오류:HTTP Error 401: Unauthorized
2026-05-19 10:47:54,525 [INFO]   [업무] 플레닛네이처(비디오물제작업).pdf [일반]
2026-05-19 10:47:55,027 [INFO] ▶ 처리: 플레닛네이처미디어등기부등본.pdf
2026-05-19 10:47:56,446 [ERROR] AI분석오류:HTTP Error 401: Unauthorized
2026-05-19 10:47:56,447 [INFO]   [업무] 플레닛네이처미디어등기부등본.pdf [일반]
2026-05-19 10:47:56,948 [INFO] ▶ 처리: 한신대학교 협약서.pdf
2026-05-19 10:47:58,356 [ERROR] AI분석오류:HTTP Error 401: Unauthorized
2026-05-19 10:47:58,357 [INFO]   [업무] 한신대학교 협약서.pdf [일반]
2026-05-19 10:47:58,858 [INFO] ▶ 처리: 홍성일_증명사진.pdf
2026-05-19 10:48:00,225 [ERROR] AI분석오류:HTTP Error 401: Unauthorized
2026-05-19 10:48:00,225 [INFO]   [업무] 홍성일_증명사진.pdf [일반]
2026-05-19 10:48:01,329 [INFO] DriveID 167개
2026-05-19 10:48:01,550 [INFO] HTML갱신완료(167개,소송:15,드라이브:167)
2026-05-19 10:48:01,550 [INFO] 폴더감시시작:C:\Users\User\Desktop\스캔
2026-05-19 10:59:30,358 [INFO] 시스템 시작
2026-05-19 10:59:30,601 [INFO] HTML갱신완료(167개,소송:15,드라이브:167)
2026-05-19 10:59:30,602 [INFO] 폴더감시시작:C:\Users\User\Desktop\스캔
2026-05-19 11:07:06,920 [INFO] 종료
2026-05-19 11:08:20,576 [INFO] 종료
2026-05-19 11:15:27,889 [INFO] 시스템 시작
2026-05-19 11:15:28,118 [INFO] HTML갱신완료(167개,소송:15,드라이브:167)
2026-05-19 11:15:28,119 [INFO] 폴더감시시작:C:\Users\User\Desktop\스캔
2026-05-19 11:18:42,938 [INFO] 종료
2026-05-19 11:19:11,944 [INFO] 시스템 시작
2026-05-19 11:19:12,174 [INFO] HTML갱신완료(167개,소송:15,드라이브:167)
2026-05-19 11:19:12,174 [INFO] 폴더감시시작:C:\Users\User\Desktop\스캔
2026-05-19 11:29:27,940 [INFO] 종료
2026-05-19 18:09:35,153 [INFO] 시스템 시작
2026-05-19 18:09:35,491 [ERROR] Drive오류:HTTP Error 400: Bad Request
2026-05-19 18:09:35,492 [INFO] 미처리파일 3개 처리
2026-05-19 18:09:35,492 [INFO] ▶ 처리: 근로복지공단 분할납부.pdf
2026-05-19 18:09:44,840 [INFO]   [업무] 미수금 납부기한 연기·분납 신청서 승인 [주의]
2026-05-19 18:09:44,841 [INFO] 파일명변경:근로복지공단 분할납부.pdf→2026-03-31_에스티엔STN_근로복지공단_미수금분할납부승인통지.pdf
2026-05-19 18:09:45,343 [INFO] ▶ 처리: 근로복지공단 임효림 분할.pdf
2026-05-19 18:09:54,530 [INFO]   [업무] 미수금 납부기간 연기·분납 신청 승인 통지 [주의]
2026-05-19 18:09:54,531 [INFO] 파일명변경:근로복지공단 임효림 분할.pdf→2026-03-21_STN_미수금납부기간연기분납신청승인통지_5000-2026-0015510.pdf
2026-05-19 18:09:55,033 [INFO] ▶ 처리: 임효림 퇴직금변제동의서.pdf
2026-05-19 18:10:03,539 [INFO]   [업무] 퇴직금의 변제 방법 등에 관한 동의서 [일반]
2026-05-19 18:10:03,540 [INFO] 파일명변경:임효림 퇴직금변제동의서.pdf→20260330_에스티엠_임효림퇴직금변제방법동의서.pdf
2026-05-19 18:10:04,303 [ERROR] Drive오류:HTTP Error 400: Bad Request
2026-05-19 18:10:04,528 [INFO] HTML갱신완료(170개,소송:15,드라이브:0)
2026-05-19 18:10:04,528 [INFO] 폴더감시시작:C:\Users\User\Desktop\스캔
2026-05-19 18:24:08,299 [INFO] 시스템 시작
2026-05-19 18:24:08,643 [ERROR] Drive오류:HTTP Error 400: Bad Request
2026-05-19 18:24:08,885 [INFO] HTML갱신완료(170개,소송:15,드라이브:0)
2026-05-19 18:24:09,051 [ERROR] git push 오류: argument of type 'NoneType' is not a container or iterable
2026-05-19 18:24:09,051 [INFO] 폴더감시시작:C:\Users\User\Desktop\스캔
2026-05-19 18:25:09,258 [INFO] 종료
2026-05-19 18:25:27,628 [INFO] 시스템 시작
2026-05-19 18:25:27,952 [ERROR] Drive오류:HTTP Error 400: Bad Request
2026-05-19 18:25:28,179 [INFO] HTML갱신완료(170개,소송:15,드라이브:0)
2026-05-19 18:25:28,326 [ERROR] git push 오류: argument of type 'NoneType' is not a container or iterable
2026-05-19 18:25:28,326 [INFO] 폴더감시시작:C:\Users\User\Desktop\스캔
2026-05-19 18:26:09,117 [INFO] 종료
2026-05-19 18:28:41,941 [INFO] 시스템 시작
2026-05-19 18:28:42,276 [ERROR] Drive오류:HTTP Error 400: Bad Request
2026-05-19 18:28:42,501 [INFO] HTML갱신완료(170개,소송:15,드라이브:0)
2026-05-19 18:28:44,940 [INFO] GitHub 자동 업로드 완료
2026-05-19 18:28:44,940 [INFO] 폴더감시시작:C:\Users\User\Desktop\스캔
2026-05-19 18:58:45,589 [ERROR] Drive오류:HTTP Error 400: Bad Request
2026-05-19 18:58:45,604 [INFO] HTML갱신완료(170개,소송:15,드라이브:0)
2026-05-19 18:58:48,040 [INFO] GitHub 자동 업로드 완료
2026-05-19 19:04:00,670 [INFO] 시스템 시작
2026-05-19 19:04:00,983 [ERROR] Drive오류:HTTP Error 400: Bad Request
2026-05-19 19:04:01,221 [INFO] HTML갱신완료(170개,소송:15,드라이브:0)
2026-05-19 19:04:03,621 [INFO] GitHub 자동 업로드 완료
2026-05-19 19:04:03,621 [INFO] 폴더감시시작:C:\Users\User\Desktop\스캔
2026-05-19 19:28:48,720 [ERROR] Drive오류:HTTP Error 400: Bad Request
2026-05-19 19:28:48,736 [INFO] HTML갱신완료(170개,소송:15,드라이브:0)
2026-05-19 19:28:51,071 [INFO] GitHub 자동 업로드 완료
2026-05-19 19:34:04,293 [ERROR] Drive오류:HTTP Error 400: Bad Request
2026-05-19 19:34:04,307 [INFO] HTML갱신완료(170개,소송:15,드라이브:0)
2026-05-19 19:34:06,644 [INFO] GitHub 자동 업로드 완료
2026-05-19 19:47:16,855 [INFO] 시스템 시작
2026-05-19 19:47:17,488 [INFO] DriveID 170개
2026-05-19 19:47:17,723 [INFO] HTML갱신완료(170개,소송:15,드라이브:170)
2026-05-19 19:47:19,971 [INFO] GitHub 자동 업로드 완료
2026-05-19 19:47:19,971 [INFO] 폴더감시시작:C:\Users\User\Desktop\스캔
2026-05-19 19:47:40,185 [INFO] 종료
2026-05-19 20:59:08,748 [INFO] 시스템 시작
2026-05-19 20:59:09,425 [INFO] DriveID 177개
2026-05-19 20:59:09,426 [INFO] 미처리파일 8개 처리
2026-05-19 20:59:09,426 [INFO] ▶ 처리: 260309_에스티엔 씨엘오미디어.pdf
2026-05-19 20:59:18,692 [INFO]   [소송] 채무자 주식회사 에스티엔의 법률상 관리인 이강영 회생채권조사확정재판 [주의]
2026-05-19 20:59:18,693 [INFO] 파일명변경:260309_에스티엔 씨엘오미디어.pdf→20260309_에스티엔씨엘오미디어_회생채권조사확정재판.pdf
2026-05-19 20:59:18,939 [INFO] 소송목록추가:20260309_에스티엔씨엘오미디어_회생채권조사확정재판.pdf[주의]
2026-05-19 20:59:19,441 [INFO] ▶ 처리: 260320_에스티엔 회생계획안.pdf
2026-05-19 20:59:25,866 [INFO]   [소송] 회생 [주의]
2026-05-19 20:59:25,867 [INFO] 파일명변경:260320_에스티엔 회생계획안.pdf→20260211_에스티엔_회생계획안.pdf
2026-05-19 20:59:25,890 [INFO] 소송목록추가:20260211_에스티엔_회생계획안.pdf[주의]
2026-05-19 20:59:26,392 [INFO] ▶ 처리: 260401_씨엘오미디어.pdf
2026-05-19 20:59:34,385 [INFO]   [소송] 채무자 주식회사 에스티엔의 법률상 관리인 이강영 [일반]
2026-05-19 20:59:34,386 [INFO] 파일명변경:260401_씨엘오미디어.pdf→20261103_씨엘오미디어_서울회생법원_회생채권조사확정.pdf
2026-05-19 20:59:34,408 [INFO] 소송목록추가:20261103_씨엘오미디어_서울회생법원_회생채권조사확정.pdf[일반]
2026-05-19 20:59:34,910 [INFO] ▶ 처리: 260403_금빛 내용증명 와락콘서트.pdf
2026-05-19 20:59:43,520 [INFO]   [소송] 제2회 인천 고3 와락콘서트 음향, LED 장비 등 대여 대금 청구 [긴급]
2026-05-19 20:59:43,521 [INFO] 파일명변경:260403_금빛 내용증명 와락콘서트.pdf→20260331_이창규드림_내용증명_제2회인천고3와락콘서트_음향LED장비대금청구.pdf
2026-05-19 20:59:43,542 [INFO] 소송목록추가:20260331_이창규드림_내용증명_제2회인천고3와락콘서트_음향LED장비대금청구.pdf[긴급]
2026-05-19 20:59:44,043 [INFO] ▶ 처리: 260403_방송-이미정.pdf
2026-05-19 20:59:50,791 [INFO]   [소송] 일반국고귀속재산결정에 대한 이의신청 [긴급]
2026-05-19 20:59:50,792 [INFO] 파일명변경:260403_방송-이미정.pdf→2026-05-17_제22부_일반국고귀속재산결정에대한이의신청서_5517322.pdf
2026-05-19 20:59:50,813 [INFO] 소송목록추가:2026-05-17_제22부_일반국고귀속재산결정에대한이의신청서_5517322.pdf[긴급]
2026-05-19 20:59:51,315 [INFO] ▶ 처리: 260403_에스티엔-이미정.pdf
2026-05-19 20:59:57,787 [INFO]   [소송] 대여금 청구 소송 [주의]
2026-05-19 20:59:57,787 [INFO] 파일명변경:260403_에스티엔-이미정.pdf→20260519_에스티엔_대여금청구소송_관련서류.pdf
2026-05-19 20:59:57,810 [INFO] 소송목록추가:20260519_에스티엔_대여금청구소송_관련서류.pdf[주의]
2026-05-19 20:59:58,312 [INFO] ▶ 처리: 260422_에스티엔 씨엘오미디어.pdf
2026-05-19 21:00:06,207 [INFO]   [소송] 주식회사 에스티엔의 법률상 관리인 이강영 [주의]
2026-05-19 21:00:06,208 [INFO] 파일명변경:260422_에스티엔 씨엘오미디어.pdf→20261103_에스티엔_회생채권조사확정.pdf
2026-05-19 21:00:06,229 [INFO] 소송목록추가:20261103_에스티엔_회생채권조사확정.pdf[주의]
2026-05-19 21:00:06,731 [INFO] ▶ 처리: 260422_에스티엔방송 케이엑스이노베이션.pdf
2026-05-19 21:00:14,444 [INFO]   [업무] 대표이사 및 등기임원 변경 보고 [일반]
2026-05-19 21:00:14,445 [INFO] 파일명변경:260422_에스티엔방송 케이엑스이노베이션.pdf→20260519_케이엑스이노베이션_김시현대표이사등기변경보고서.pdf
2026-05-19 21:00:15,586 [INFO] DriveID 177개
2026-05-19 21:00:15,603 [INFO] HTML갱신완료(177개,소송:22,드라이브:176)
2026-05-19 21:00:17,863 [INFO] GitHub 자동 업로드 완료
2026-05-19 21:00:17,863 [INFO] 폴더감시시작:C:\Users\User\Desktop\스캔
2026-05-20 09:40:50,500 [INFO] 시스템 시작
2026-05-20 09:40:51,175 [INFO] DriveID 172개
2026-05-20 09:40:51,545 [INFO] HTML갱신완료(172개,소송:22,드라이브:172)
2026-05-20 09:40:54,132 [INFO] GitHub 자동 업로드 완료
2026-05-20 09:40:54,132 [INFO] 폴더감시시작:C:\Users\User\Desktop\스캔
2026-05-20 10:10:55,108 [INFO] DriveID 167개
2026-05-20 10:10:55,123 [INFO] HTML갱신완료(167개,소송:22,드라이브:167)
2026-05-20 10:10:57,284 [INFO] GitHub 자동 업로드 완료
2026-05-20 10:40:58,251 [INFO] DriveID 167개
2026-05-20 10:40:58,270 [INFO] HTML갱신완료(167개,소송:22,드라이브:167)
2026-05-20 10:41:00,586 [INFO] GitHub 자동 업로드 완료
2026-05-20 11:03:11,868 [INFO] ▶ 처리: SCAN_20260520_110254179_20260520_105407.pdf
2026-05-20 11:03:24,698 [INFO]   [업무] 방송채널사용사업 등록증 [일반]
2026-05-20 11:03:24,698 [ERROR] 오류:[WinError 2] 지정된 파일을 찾을 수 없습니다: 'C:\\Users\\User\\Desktop\\스캔\\SCAN_20260520_110254179_20260520_105407.pdf' -> 'C:\\Users\\User\\Desktop\\스캔\\20220803_(주)에스티엔베타미디어_방송채널사용사업등록증.pdf'
2026-05-20 11:03:31,700 [INFO] ▶ 처리: 에스티엔 서류.pdf
2026-05-20 11:03:39,057 [INFO]   [업무] 방송채널사용사업 등록증 [일반]
2026-05-20 11:03:39,058 [INFO] 파일명변경:에스티엔 서류.pdf→20220803_에스티엔엔터테인먼트_방송채널사용사업등록증.pdf
2026-05-20 11:03:39,671 [INFO] DriveID 168개
2026-05-20 11:03:39,684 [INFO] HTML갱신완료(168개,소송:22,드라이브:167)
2026-05-20 11:03:41,904 [INFO] GitHub 자동 업로드 완료
2026-05-20 11:11:03,619 [INFO] DriveID 168개
2026-05-20 11:11:03,633 [INFO] HTML갱신완료(168개,소송:22,드라이브:168)
2026-05-20 11:11:05,882 [INFO] GitHub 자동 업로드 완료
2026-06-05 07:41:33,634 [INFO] 시스템 시작
2026-06-05 07:41:34,458 [INFO] DriveID 299개
2026-06-05 07:41:34,460 [INFO] 미처리파일 132개 처리
2026-06-05 07:41:34,460 [INFO] ▶ 처리: 20251118_플래닛_계약서_통합서비스계약.pdf
2026-06-05 07:41:42,865 [INFO]   [업무] 통합 서비스 계약서 [일반]
2026-06-05 07:41:42,867 [INFO] 파일명변경:20251118_플래닛_계약서_통합서비스계약.pdf→20181125_헥토파이낸셜_통합서비스계약서.pdf
2026-06-05 07:41:43,369 [INFO] ▶ 처리: 20251231_에스티엔미디어_기타_주주명부.pdf
2026-06-05 07:41:50,729 [INFO]   [업무] 주주명부 [일반]
2026-06-05 07:41:50,730 [INFO] 파일명변경:20251231_에스티엔미디어_기타_주주명부.pdf→20251231_에스티엔미디어_주주명부.pdf
2026-06-05 07:41:51,231 [INFO] ▶ 처리: 2025간회합211_2025.07.09_간이회생절차 개시신청서_원고_법무법인 담헌 (1).pdf
2026-06-05 07:41:52,270 [WARNING] Could not get FontBBox from font descriptor because None cannot be parsed as 4 floats
2026-06-05 07:41:52,272 [WARNING] Could not get FontBBox from font descriptor because None cannot be parsed as 4 floats
2026-06-05 07:41:52,275 [WARNING] Could not get FontBBox from font descriptor because None cannot be parsed as 4 floats
2026-06-05 07:41:52,277 [WARNING] Could not get FontBBox from font descriptor because None cannot be parsed as 4 floats
2026-06-05 07:41:52,279 [WARNING] Could not get FontBBox from font descriptor because None cannot be parsed as 4 floats
2026-06-05 07:41:52,284 [WARNING] Could not get FontBBox from font descriptor because None cannot be parsed as 4 floats
2026-06-05 07:41:52,286 [WARNING] Could not get FontBBox from font descriptor because None cannot be parsed as 4 floats
2026-06-05 07:41:52,288 [WARNING] Could not get FontBBox from font descriptor because None cannot be parsed as 4 floats
2026-06-05 07:41:52,291 [WARNING] Could not get FontBBox from font descriptor because None cannot be parsed as 4 floats
2026-06-05 07:41:52,293 [WARNING] Could not get FontBBox from font descriptor because None cannot be parsed as 4 floats
2026-06-05 07:41:52,296 [WARNING] Could not get FontBBox from font descriptor because None cannot be parsed as 4 floats
2026-06-05 07:41:52,297 [WARNING] Could not get FontBBox from font descriptor because None cannot be parsed as 4 floats
2026-06-05 07:41:52,300 [WARNING] Could not get FontBBox from font descriptor because None cannot be parsed as 4 floats
2026-06-05 07:41:52,301 [WARNING] Could not get FontBBox from font descriptor because None cannot be parsed as 4 floats
2026-06-05 07:41:52,304 [WARNING] Could not get FontBBox from font descriptor because None cannot be parsed as 4 floats
2026-06-05 07:41:58,636 [INFO]   [소송] 간이회생절차 개시명령 신청 [긴급]
2026-06-05 07:41:58,637 [INFO] 파일명변경:2025간회합211_2025.07.09_간이회생절차 개시신청서_원고_법무법인 담헌 (1).pdf→20250709_주식회사에스티엔_간이회생절차개시명령신청서.pdf
2026-06-05 07:41:59,063 [INFO] 소송목록추가:20250709_주식회사에스티엔_간이회생절차개시명령신청서.pdf[긴급]
2026-06-05 07:41:59,565 [INFO] ▶ 처리: 2025간회합211_2025.07.09_간이회생절차 개시신청서_첨부_원고_법무법인 담헌.pdf
2026-06-05 07:42:07,075 [INFO]   [소송 또는 업무] 간이회생절차 개시신청서 첨부 - 사업자등록증 [주의]
2026-06-05 07:42:07,076 [INFO] 파일명변경:2025간회합211_2025.07.09_간이회생절차 개시신청서_첨부_원고_법무법인 담헌.pdf→20250523_주식회사에스티엔_사업자등록증.pdf
2026-06-05 07:42:07,579 [INFO] ▶ 처리: 2025간회합211_2025.07.10_법인회생 접수통지서(감독행정청).pdf
2026-06-05 07:42:14,356 [INFO]   [소송] 간이회생절차개시 신청 접수 통지 [긴급]
2026-06-05 07:42:14,358 [INFO] 파일명변경:2025간회합211_2025.07.10_법인회생 접수통지서(감독행정청).pdf→20250710_주식회사에스티엔_법인회생접수통지서.pdf
2026-06-05 07:42:14,384 [INFO] 소송목록추가:20250710_주식회사에스티엔_법인회생접수통지서.pdf[긴급]
2026-06-05 07:42:14,886 [INFO] ▶ 처리: 2025간회합211_2025.07.11_대표자심문기일지정결정.pdf
2026-06-05 07:42:23,479 [INFO]   [소송] 간이회생 [긴급]
2026-06-05 07:42:23,480 [INFO] 파일명변경:2025간회합211_2025.07.11_대표자심문기일지정결정.pdf→20250718_주식회사에스티엔_대표자심문기일지정결정.pdf
2026-06-05 07:42:23,507 [INFO] 소송목록추가:20250718_주식회사에스티엔_대표자심문기일지정결정.pdf[긴급]
2026-06-05 07:42:24,010 [INFO] ▶ 처리: 2025간회합211_2025.07.11_신청인심문기일 지정결정.pdf
2026-06-05 07:42:29,503 [INFO]   [소송] 간이회생 신청인 심문기일 지정결정 [긴급]
2026-06-05 07:42:29,505 [INFO] 파일명변경:2025간회합211_2025.07.11_신청인심문기일 지정결정.pdf→20250718_주식회사에스티엔_간이회생신청인심문기일지정결정.pdf
2026-06-05 07:42:29,534 [INFO] 소송목록추가:20250718_주식회사에스티엔_간이회생신청인심문기일지정결정.pdf[긴급]
2026-06-05 07:42:30,036 [INFO] ▶ 처리: 2025간회합211_2025.07.11_심문기일지정통지서(지시사항 포함).pdf
2026-06-05 07:42:36,724 [INFO]   [소송] 간이회생 심문기일 지정 [긴급]
2026-06-05 07:42:36,725 [INFO] 파일명변경:2025간회합211_2025.07.11_심문기일지정통지서(지시사항 포함).pdf→20250718_주식회사에스티엔_심문기일지정통지서및심문사항.pdf
2026-06-05 07:42:36,752 [INFO] 소송목록추가:20250718_주식회사에스티엔_심문기일지정통지서및심문사항.pdf[긴급]
2026-06-05 07:42:37,254 [INFO] ▶ 처리: 2025간회합211_2025.07.18_심문조서 (1).pdf
2026-06-05 07:42:45,019 [INFO]   [소송] 간이회생 제1차 심문조서 [주의]
2026-06-05 07:42:45,021 [INFO] 파일명변경:2025간회합211_2025.07.18_심문조서 (1).pdf→20250718_주식회사에스티엔_서울회생법원제1차심문조서.pdf
2026-06-05 07:42:45,049 [INFO] 소송목록추가:20250718_주식회사에스티엔_서울회생법원제1차심문조서.pdf[주의]
2026-06-05 07:42:45,551 [INFO] ▶ 처리: 2025간회합211_2025.07.18_심문조서.pdf
2026-06-05 07:42:52,831 [INFO]   [소송] 간이회생 심문조서 제1차 [주의]
2026-06-05 07:42:52,833 [INFO] 파일명변경:2025간회합211_2025.07.18_심문조서.pdf→20250718_주식회사에스티엔_간이회생심문조서제1차.pdf
2026-06-05 07:42:52,885 [INFO] 소송목록추가:20250718_주식회사에스티엔_간이회생심문조서제1차.pdf[주의]
2026-06-05 07:42:53,388 [INFO] ▶ 처리: 2025간회합211_2025.07.25_(기타) 경정 결정.pdf
2026-06-05 07:42:59,400 [INFO]   [소송] 간이회생 [일반]
2026-06-05 07:42:59,402 [INFO] 파일명변경:2025간회합211_2025.07.25_(기타) 경정 결정.pdf→20250725_주식회사에스티엔_간이회생비용예납명령경정결정.pdf
2026-06-05 07:42:59,431 [INFO] 소송목록추가:20250725_주식회사에스티엔_간이회생비용예납명령경정결정.pdf[일반]
2026-06-05 07:42:59,933 [INFO] ▶ 처리: 2025간회합211_2025.08.04_개시전 조사위원 선임결정 (1).pdf
2026-06-05 07:43:06,401 [INFO]   [소송] 간이회생 조사위원 선임결정 [주의]
2026-06-05 07:43:06,403 [INFO] 파일명변경:2025간회합211_2025.08.04_개시전 조사위원 선임결정 (1).pdf→20250804_주식회사에스티엔_간이회생 조사위원 선임결정.pdf
2026-06-05 07:43:06,431 [INFO] 소송목록추가:20250804_주식회사에스티엔_간이회생 조사위원 선임결정.pdf[주의]
2026-06-05 07:43:06,933 [INFO] ▶ 처리: 2025간회합211_2025.09.02_기타신청서_조사위원_선명회계법인.pdf
2026-06-05 07:43:13,736 [INFO]   [소송] 조사보고서 중간보고서 제출기간 연장 신청 [주의]
2026-06-05 07:43:13,737 [INFO] 파일명변경:2025간회합211_2025.09.02_기타신청서_조사위원_선명회계법인.pdf→20250902_주식회사에스티엔_조사보고서중간보고서제출기간연장신청서.pdf
2026-06-05 07:43:13,768 [INFO] 소송목록추가:20250902_주식회사에스티엔_조사보고서중간보고서제출기간연장신청서.pdf[주의]
2026-06-05 07:43:14,271 [INFO] ▶ 처리: 2025간회합211_2025.09.05_관리인보고서, 조사위원보고서 제출기간 연장결정 (1).pdf
2026-06-05 07:43:19,528 [INFO]   [소송] 간이회생 [주의]
2026-06-05 07:43:19,530 [INFO] 파일명변경:2025간회합211_2025.09.05_관리인보고서, 조사위원보고서 제출기간 연장결정 (1).pdf→20251114_주식회사에스티엔_조사위원보고서제출기간연장결정.pdf
2026-06-05 07:43:19,558 [INFO] 소송목록추가:20251114_주식회사에스티엔_조사위원보고서제출기간연장결정.pdf[주의]
2026-06-05 07:43:20,061 [INFO] ▶ 처리: 2025간회합211_2025.10.14_기타신청서(중간보고서 재연장신청서)_조사위원_선명회계법인.pdf
2026-06-05 07:43:26,933 [INFO]   [소송] 간이회생 [긴급]
2026-06-05 07:43:26,935 [INFO] 파일명변경:2025간회합211_2025.10.14_기타신청서(중간보고서 재연장신청서)_조사위원_선명회계법인.pdf→20251013_주식회사 에스티엔_조사보고서 중간보고서 제출기간 재연장 신청서.pdf
2026-06-05 07:43:26,966 [INFO] 소송목록추가:20251013_주식회사 에스티엔_조사보고서 중간보고서 제출기간 재연장 신청서.pdf[긴급]
2026-06-05 07:43:27,468 [INFO] ▶ 처리: 2025간회합211_2025.10.17_관리인보고서, 조사위원보고서 제출기간 연장결정 (1).pdf
2026-06-05 07:43:33,054 [INFO]   [소송] 간이회생 [주의]
2026-06-05 07:43:33,055 [INFO] 파일명변경:2025간회합211_2025.10.17_관리인보고서, 조사위원보고서 제출기간 연장결정 (1).pdf→20251128_주식회사에스티엔_관리인보고서조사위원보고서제출기간연장결정.pdf
2026-06-05 07:43:33,083 [INFO] 소송목록추가:20251128_주식회사에스티엔_관리인보고서조사위원보고서제출기간연장결정.pdf[주의]
2026-06-05 07:43:33,585 [INFO] ▶ 처리: 2025간회합211_2025.10.28_보전처분신청서_채무자_주식회사 에스티엔.pdf
2026-06-05 07:43:38,673 [INFO]   [소송] 보전처분신청서 [긴급]
2026-06-05 07:43:38,674 [INFO] 파일명변경:2025간회합211_2025.10.28_보전처분신청서_채무자_주식회사 에스티엔.pdf→20251028_주식회사에스티엔_보전처분신청서.pdf
2026-06-05 07:43:38,703 [INFO] 소송목록추가:20251028_주식회사에스티엔_보전처분신청서.pdf[긴급]
2026-06-05 07:43:39,206 [INFO] ▶ 처리: 2025간회합211_2025.10.28_포괄적금지명령신청_채무자_주식회사 에스티엔.pdf
2026-06-05 07:43:44,528 [INFO]   [소송] 포괄적금지명령신청 [긴급]
2026-06-05 07:43:44,530 [INFO] 파일명변경:2025간회합211_2025.10.28_포괄적금지명령신청_채무자_주식회사 에스티엔.pdf→20251028_주식회사에스티엔_포괄적금지명령신청서.pdf
2026-06-05 07:43:44,561 [INFO] 소송목록추가:20251028_주식회사에스티엔_포괄적금지명령신청서.pdf[긴급]
2026-06-05 07:43:45,063 [INFO] ▶ 처리: 2025간회합211_2025.10.31_조사보고서_조사위원_선명회계법인.pdf
2026-06-05 07:43:51,929 [INFO]   [소송] 간이회생 조사보고서(중간보고서) [주의]
2026-06-05 07:43:51,930 [INFO] 파일명변경:2025간회합211_2025.10.31_조사보고서_조사위원_선명회계법인.pdf→20251031_에스티엔_간이회생조사보고서중간보고서.pdf
2026-06-05 07:43:51,959 [INFO] 소송목록추가:20251031_에스티엔_간이회생조사보고서중간보고서.pdf[주의]
2026-06-05 07:43:52,462 [INFO] ▶ 처리: 2025간회합211_2025.10.31_조사보고서_첨부_조사위원_선명회계법인.pdf
2026-06-05 07:43:59,200 [INFO]   [업무] 2025간회합211 조사보고서 [일반]
2026-06-05 07:43:59,202 [INFO] 파일명변경:2025간회합211_2025.10.31_조사보고서_첨부_조사위원_선명회계법인.pdf→20251031_선명회계법인_추정손익계산서및자금수지표_조사보고서.pdf
2026-06-05 07:43:59,704 [INFO] ▶ 처리: 2025간회합211_2025.11.04_소송위임장_채무자_주식회사 에스티엔 대리인 변호사 김율.pdf
2026-06-05 07:44:04,537 [INFO]   [소송] 2025간회합211 [일반]
2026-06-05 07:44:04,538 [INFO] 파일명변경:2025간회합211_2025.11.04_소송위임장_채무자_주식회사 에스티엔 대리인 변호사 김율.pdf→20251104_주식회사에스티엔_소송위임장.pdf
2026-06-05 07:44:04,570 [INFO] 소송목록추가:20251104_주식회사에스티엔_소송위임장.pdf[일반]
2026-06-05 07:44:05,072 [INFO] ▶ 처리: 2025간회합211_2025.11.13_각서_채무자_에스티엔.pdf
2026-06-05 07:44:09,646 [INFO]   [소송] 각서_채무자 [주의]
2026-06-05 07:44:09,647 [INFO] 파일명변경:2025간회합211_2025.11.13_각서_채무자_에스티엔.pdf→20251113_에스티엔_각서_채무자.pdf
2026-06-05 07:44:09,679 [INFO] 소송목록추가:20251113_에스티엔_각서_채무자.pdf[주의]
2026-06-05 07:44:10,182 [INFO] ▶ 처리: 2025간회합211_2025.11.13_개시결정 통지서(감독행정청).pdf
2026-06-05 07:44:17,036 [INFO]   [소송] 간이회생 [긴급]
2026-06-05 07:44:17,038 [INFO] 파일명변경:2025간회합211_2025.11.13_개시결정 통지서(감독행정청).pdf→20251113_주식회사에스티엔_간이회생절차개시결정통지서.pdf
2026-06-05 07:44:17,070 [INFO] 소송목록추가:20251113_주식회사에스티엔_간이회생절차개시결정통지서.pdf[긴급]
2026-06-05 07:44:17,572 [INFO] ▶ 처리: 2025간회합211_2025.11.13_개시결정 통지서(회생채권자등).pdf
2026-06-05 07:44:23,948 [INFO]   [소송] 간이회생 [긴급]
2026-06-05 07:44:23,950 [INFO] 파일명변경:2025간회합211_2025.11.13_개시결정 통지서(회생채권자등).pdf→20251113_주식회사에스티엔_간이회생절차개시결정통지서_1.pdf
2026-06-05 07:44:23,981 [INFO] 소송목록추가:20251113_주식회사에스티엔_간이회생절차개시결정통지서_1.pdf[긴급]
2026-06-05 07:44:24,485 [INFO] ▶ 처리: 2025간회합211_2025.11.13_개시결정-관리인불선임 [간이회생의 경우] (1).pdf
2026-06-05 07:44:31,002 [INFO]   [소송] 간이회생 [긴급]
2026-06-05 07:44:31,004 [INFO] 파일명변경:2025간회합211_2025.11.13_개시결정-관리인불선임 [간이회생의 경우] (1).pdf→20251113_주식회사에스티엔_간이회생절차개시결정.pdf
2026-06-05 07:44:31,039 [INFO] 소송목록추가:20251113_주식회사에스티엔_간이회생절차개시결정.pdf[긴급]
2026-06-05 07:44:31,541 [INFO] ▶ 처리: 2025간회합211_2025.11.13_공고로 송달갈음 결정(개시결정) (1).pdf
2026-06-05 07:44:37,825 [INFO]   [소송] 간이회생 [긴급]
2026-06-05 07:44:37,827 [INFO] 파일명변경:2025간회합211_2025.11.13_공고로 송달갈음 결정(개시결정) (1).pdf→20251113_주식회사에스티엔_간이회생공고송달갈음결정.pdf
2026-06-05 07:44:37,858 [INFO] 소송목록추가:20251113_주식회사에스티엔_간이회생공고송달갈음결정.pdf[긴급]
2026-06-05 07:44:38,360 [INFO] ▶ 처리: 2025간회합211_2025.11.13_관리인보고서, 조사위원보고서 제출기간 연장결정 (1).pdf
2026-06-05 07:44:44,234 [INFO]   [소송] 간이회생 [주의]
2026-06-05 07:44:44,236 [INFO] 파일명변경:2025간회합211_2025.11.13_관리인보고서, 조사위원보고서 제출기간 연장결정 (1).pdf→20251113_주식회사에스티엔_조사위원보고서제출기간연장결정.pdf
2026-06-05 07:44:44,268 [INFO] 소송목록추가:20251113_주식회사에스티엔_조사위원보고서제출기간연장결정.pdf[주의]
2026-06-05 07:44:44,771 [INFO] ▶ 처리: 2025간회합211_2025.11.13_법원의 허가사항과 위임사항에 관한 결정 (1).pdf
2026-06-05 07:44:53,062 [INFO]   [소송] 간이회생 - 법원의 허가사항과 위임사항에 관한 결정 [주의]
2026-06-05 07:44:53,064 [INFO] 파일명변경:2025간회합211_2025.11.13_법원의 허가사항과 위임사항에 관한 결정 (1).pdf→20251113_주식회사에스티엔_간이회생법원허가사항및위임사항결정.pdf
2026-06-05 07:44:53,101 [INFO] 소송목록추가:20251113_주식회사에스티엔_간이회생법원허가사항및위임사항결정.pdf[주의]
2026-06-05 07:44:53,604 [INFO] ▶ 처리: 2025간회합211_2025.11.13_법원의 허가사항과 위임사항에 관한 결정 (2).pdf
2026-06-05 07:45:04,627 [INFO]   [소송] 간이회생 법원의 허가사항과 위임사항에 관한 결정 [주의]
2026-06-05 07:45:04,628 [INFO] 파일명변경:2025간회합211_2025.11.13_법원의 허가사항과 위임사항에 관한 결정 (2).pdf→20251113_주식회사에스티엔_간이회생법원허가사항및위임사항결정_1.pdf
2026-06-05 07:45:04,657 [INFO] 소송목록추가:20251113_주식회사에스티엔_간이회생법원허가사항및위임사항결정_1.pdf[주의]
2026-06-05 07:45:05,159 [INFO] ▶ 처리: 2025간회합211_2025.11.13_주요사항 통지명령(법98조2항) (1).pdf
2026-06-05 07:45:11,524 [INFO]   [소송] 간이회생 주요사항 통지명령 [주의]
2026-06-05 07:45:11,526 [INFO] 파일명변경:2025간회합211_2025.11.13_주요사항 통지명령(법98조2항) (1).pdf→20251113_주식회사에스티엔_주요사항통지명령_간이회생.pdf
2026-06-05 07:45:11,562 [INFO] 소송목록추가:20251113_주식회사에스티엔_주요사항통지명령_간이회생.pdf[주의]
2026-06-05 07:45:12,064 [INFO] ▶ 처리: 2025간회합211_2025.11.14_CRO 업무서약서_채무자 대리인_김율.pdf
2026-06-05 07:45:17,644 [INFO]   [소송] CRO 업무서약서_채무자 대리인 [일반]
2026-06-05 07:45:17,645 [INFO] 파일명변경:2025간회합211_2025.11.14_CRO 업무서약서_채무자 대리인_김율.pdf→20251114_간회합211_CRO업무서약서_채무자대리인_김율.pdf
2026-06-05 07:45:17,681 [INFO] 소송목록추가:20251114_간회합211_CRO업무서약서_채무자대리인_김율.pdf[일반]
2026-06-05 07:45:18,184 [INFO] ▶ 처리: 2025간회합211_2025.11.21_구조조정담당임원(CRO) 위촉 허가 신청_채무자 대리인_김율 (1).pdf
2026-06-05 07:45:24,048 [INFO]   [소송] 구조조정담당임원(CRO) 위촉 허가 신청 [주의]
2026-06-05 07:45:24,049 [INFO] 파일명변경:2025간회합211_2025.11.21_구조조정담당임원(CRO) 위촉 허가 신청_채무자 대리인_김율 (1).pdf→20251121_미상_구조조정담당임원CRO위촉허가신청서.pdf
2026-06-05 07:45:24,088 [INFO] 소송목록추가:20251121_미상_구조조정담당임원CRO위촉허가신청서.pdf[주의]
2026-06-05 07:45:24,590 [INFO] ▶ 처리: 2025간회합211_2025.11.24_허가서 구조조정담당임원(CRO) 위촉 허가 신청_참여_김규섭 (1).pdf
2026-06-05 07:45:30,490 [INFO]   [소송] 구조조정담당임원(CRO) 위촉 허가 신청 [주의]
2026-06-05 07:45:30,492 [INFO] 파일명변경:2025간회합211_2025.11.24_허가서 구조조정담당임원(CRO) 위촉 허가 신청_참여_김규섭 (1).pdf→20251124_주식회사에스티엔_구조조정담당임원CRO위촉허가결정.pdf
2026-06-05 07:45:30,525 [INFO] 소송목록추가:20251124_주식회사에스티엔_구조조정담당임원CRO위촉허가결정.pdf[주의]
2026-06-05 07:45:31,028 [INFO] ▶ 처리: 2025간회합211_2025.11.25_인감 신고서_채무자 대리인_김율 (1).pdf
2026-06-05 07:45:35,888 [INFO]   [소송] 인감 신고서 [일반]
2026-06-05 07:45:35,890 [INFO] 파일명변경:2025간회합211_2025.11.25_인감 신고서_채무자 대리인_김율 (1).pdf→20251125_법원_인감신고서_채무자대리인김율.pdf
2026-06-05 07:45:35,926 [INFO] 소송목록추가:20251125_법원_인감신고서_채무자대리인김율.pdf[일반]
2026-06-05 07:45:36,429 [INFO] ▶ 처리: 2025간회합211_2025.12.04_감정 평가 계약 및 수수료 지급 허가 신청_채무자 대리인_김율 (1).pdf
2026-06-05 07:45:43,326 [INFO]   [소송] 간이회생 [일반]
2026-06-05 07:45:43,329 [INFO] 파일명변경:2025간회합211_2025.12.04_감정 평가 계약 및 수수료 지급 허가 신청_채무자 대리인_김율 (1).pdf→2025-12-04_주식회사 에스티엔_간이회생 감정평가 계약 및 수수료 지급 허가 신청서.pdf
2026-06-05 07:45:43,363 [INFO] 소송목록추가:2025-12-04_주식회사 에스티엔_간이회생 감정평가 계약 및 수수료 지급 허가 신청서.pdf[일반]
2026-06-05 07:45:43,866 [INFO] ▶ 처리: 2025간회합211_2025.12.04_송달용 채권자리스트_채무자 대리인_김율.pdf
2026-06-05 07:45:53,791 [INFO]   [소송] 회생채권자 및 조세등 채권자 주소록 [일반]
2026-06-05 07:45:53,793 [INFO] 파일명변경:2025간회합211_2025.12.04_송달용 채권자리스트_채무자 대리인_김율.pdf→2025-12-04_회생사건_채권자주소록_별표1및별표2.pdf
2026-06-05 07:45:53,826 [INFO] 소송목록추가:2025-12-04_회생사건_채권자주소록_별표1및별표2.pdf[일반]
2026-06-05 07:45:54,329 [INFO] ▶ 처리: 2025간회합211_2025.12.04_송달용 채권자리스트_첨부_채무자 대리인_김율.pdf
2026-06-05 07:45:59,376 [INFO]   [소송] 채권자리스트 [일반]
2026-06-05 07:45:59,378 [INFO] 파일명변경:2025간회합211_2025.12.04_송달용 채권자리스트_첨부_채무자 대리인_김율.pdf→2025.12.04_채권자리스트_2025간회합211_송달용.pdf
2026-06-05 07:45:59,413 [INFO] 소송목록추가:2025.12.04_채권자리스트_2025간회합211_송달용.pdf[일반]
2026-06-05 07:45:59,915 [INFO] ▶ 처리: 2025간회합211_2025.12.04_채권자목록_채무자 대리인_김율 (1).pdf
2026-06-05 07:46:05,909 [INFO]   [소송] 간이회생 [주의]
2026-06-05 07:46:05,910 [INFO] 파일명변경:2025간회합211_2025.12.04_채권자목록_채무자 대리인_김율 (1).pdf→20251204_주식회사에스티엔_간이회생채권자목록.pdf
2026-06-05 07:46:05,951 [INFO] 소송목록추가:20251204_주식회사에스티엔_간이회생채권자목록.pdf[주의]
2026-06-05 07:46:06,453 [INFO] ▶ 처리: 2025간회합211_2025.12.04_채권자목록_채무자 대리인_김율.pdf
2026-06-05 07:46:12,426 [INFO]   [소송] 간이회생 회생채권자의 목록 [일반]
2026-06-05 07:46:12,427 [INFO] 파일명변경:2025간회합211_2025.12.04_채권자목록_채무자 대리인_김율.pdf→20251204_주식회사에스티엔_2025간회합211 회생채권자목록.pdf
2026-06-05 07:46:12,465 [INFO] 소송목록추가:20251204_주식회사에스티엔_2025간회합211 회생채권자목록.pdf[일반]
2026-06-05 07:46:12,968 [INFO] ▶ 처리: 2025간회합211_2025.12.04_허가서 감정 평가 계약 및 수수료 지급 허가 신청_참여_김규섭 (1).pdf
2026-06-05 07:46:19,535 [INFO]   [소송] 감정 평가 계약 및 수수료 지급 허가 신청 [일반]
2026-06-05 07:46:19,537 [INFO] 파일명변경:2025간회합211_2025.12.04_허가서 감정 평가 계약 및 수수료 지급 허가 신청_참여_김규섭 (1).pdf→20251205_주식회사에스티엔_감정평가계약및수수료지급허가결정.pdf
2026-06-05 07:46:19,573 [INFO] 소송목록추가:20251205_주식회사에스티엔_감정평가계약및수수료지급허가결정.pdf[일반]
2026-06-05 07:46:20,075 [INFO] ▶ 처리: 2025간회합211_2025.12.15_송달장소 및 송달영수인 신고서_채권자_국민건강보험공단.pdf
2026-06-05 07:46:25,823 [INFO]   [소송] 송달장소 및 송달영수인 신고서 [일반]
2026-06-05 07:46:25,825 [INFO] 파일명변경:2025간회합211_2025.12.15_송달장소 및 송달영수인 신고서_채권자_국민건강보험공단.pdf→20251215_국민건강보험공단_송달장소및송달영수인신고서.pdf
2026-06-05 07:46:25,864 [INFO] 소송목록추가:20251215_국민건강보험공단_송달장소및송달영수인신고서.pdf[일반]
2026-06-05 07:46:26,367 [INFO] ▶ 처리: 2025간회합211_2025.12.22_개시결정기입등기촉탁.pdf
2026-06-05 07:46:33,015 [INFO]   [소송] 간이회생 [주의]
2026-06-05 07:46:33,016 [INFO] 파일명변경:2025간회합211_2025.12.22_개시결정기입등기촉탁.pdf→20251222_주식회사에스티엔_회생절차개시결정기입등기촉탁서.pdf
2026-06-05 07:46:33,057 [INFO] 소송목록추가:20251222_주식회사에스티엔_회생절차개시결정기입등기촉탁서.pdf[주의]
2026-06-05 07:46:33,559 [INFO] ▶ 처리: 2025간회합211_2026.01.08_시부인표_채무자 대리인_김율 (1).pdf
2026-06-05 07:46:40,558 [INFO]   [소송] 간이회생 회생담보권 회생채권 시부인표 [일반]
2026-06-05 07:46:40,559 [INFO] 파일명변경:2025간회합211_2026.01.08_시부인표_채무자 대리인_김율 (1).pdf→20260108_주식회사에스티엔_2025간회합211회생채권시부인표.pdf
2026-06-05 07:46:40,592 [INFO] 소송목록추가:20260108_주식회사에스티엔_2025간회합211회생채권시부인표.pdf[일반]
2026-06-05 07:46:41,095 [INFO] ▶ 처리: 2025간회합211_2026.01.08_시부인표_첨부_채무자 대리인_김율 (1).pdf
2026-06-05 07:46:42,116 [WARNING] Could not get FontBBox from font descriptor because None cannot be parsed as 4 floats
2026-06-05 07:46:42,119 [WARNING] Could not get FontBBox from font descriptor because None cannot be parsed as 4 floats
2026-06-05 07:46:42,123 [WARNING] Could not get FontBBox from font descriptor because None cannot be parsed as 4 floats
2026-06-05 07:46:42,125 [WARNING] Could not get FontBBox from font descriptor because None cannot be parsed as 4 floats
2026-06-05 07:46:42,127 [WARNING] Could not get FontBBox from font descriptor because None cannot be parsed as 4 floats
2026-06-05 07:46:42,130 [WARNING] Could not get FontBBox from font descriptor because None cannot be parsed as 4 floats
2026-06-05 07:46:42,132 [WARNING] Could not get FontBBox from font descriptor because None cannot be parsed as 4 floats
2026-06-05 07:46:42,133 [WARNING] Could not get FontBBox from font descriptor because None cannot be parsed as 4 floats
2026-06-05 07:46:46,844 [INFO]   [소송] 간이회생 [일반]
2026-06-05 07:46:46,846 [INFO] 파일명변경:2025간회합211_2026.01.08_시부인표_첨부_채무자 대리인_김율 (1).pdf→20260108_간이회생2025간회합211_시부인표접수증명신청서_채무자대리인김율.pdf
2026-06-05 07:46:46,880 [INFO] 소송목록추가:20260108_간이회생2025간회합211_시부인표접수증명신청서_채무자대리인김율.pdf[일반]
2026-06-05 07:46:47,382 [INFO] ▶ 처리: 2025간회합211_2026.01.08_이의통지서_참여_김규섭 (1).pdf
2026-06-05 07:46:48,407 [WARNING] [WARNING] Metadata key "Pages" could not be parsed due to exception: maximum recursion depth exceeded
2026-06-05 07:46:52,985 [INFO]   [소송] 이의통지서_김규섭 [주의]
2026-06-05 07:46:52,987 [INFO] 파일명변경:2025간회합211_2026.01.08_이의통지서_참여_김규섭 (1).pdf→20260108_참여_이의통지서_김규섭.pdf
2026-06-05 07:46:53,023 [INFO] 소송목록추가:20260108_참여_이의통지서_김규섭.pdf[주의]
2026-06-05 07:46:53,525 [INFO] ▶ 처리: 2025간회합211_2026.01.20_월간보고서_관리인_이강영.pdf
2026-06-05 07:46:58,896 [INFO]   [업무] 2025간회합211 월간보고서 [일반]
2026-06-05 07:46:58,899 [INFO] 파일명변경:2025간회합211_2026.01.20_월간보고서_관리인_이강영.pdf→20260120_관리인이강영_월간보고서_2025간회합211.pdf
2026-06-05 07:46:59,401 [INFO] ▶ 처리: 2025간회합211_2026.01.22_관리인 조사보고서_관리인_이강영.pdf
2026-06-05 07:47:09,886 [INFO]   [업무] 2025간회합211호 관리인 조사보고서 [일반]
2026-06-05 07:47:09,888 [INFO] 파일명변경:2025간회합211_2026.01.22_관리인 조사보고서_관리인_이강영.pdf→20260122_관리인이강영_관리인조사보고서_2025간회합211.pdf
2026-06-05 07:47:10,390 [INFO] ▶ 처리: 2025간회합211_2026.01.22_관리인 조사보고서_첨부_관리인_이강영.pdf
2026-06-05 07:47:11,409 [WARNING] Could not get FontBBox from font descriptor because None cannot be parsed as 4 floats
2026-06-05 07:47:11,411 [WARNING] Could not get FontBBox from font descriptor because None cannot be parsed as 4 floats
2026-06-05 07:47:11,415 [WARNING] Could not get FontBBox from font descriptor because None cannot be parsed as 4 floats
2026-06-05 07:47:11,417 [WARNING] Could not get FontBBox from font descriptor because None cannot be parsed as 4 floats
2026-06-05 07:47:11,418 [WARNING] Could not get FontBBox from font descriptor because None cannot be parsed as 4 floats
2026-06-05 07:47:11,420 [WARNING] Could not get FontBBox from font descriptor because None cannot be parsed as 4 floats
2026-06-05 07:47:11,422 [WARNING] Could not get FontBBox from font descriptor because None cannot be parsed as 4 floats
2026-06-05 07:47:11,423 [WARNING] Could not get FontBBox from font descriptor because None cannot be parsed as 4 floats
2026-06-05 07:47:19,272 [INFO]   [소송] 간이회생 관리인 조사보고서 접수증명 [일반]
2026-06-05 07:47:19,274 [INFO] 파일명변경:2025간회합211_2026.01.22_관리인 조사보고서_첨부_관리인_이강영.pdf→20260122_간이회생2025간회합211_관리인조사보고서접수증명_이강영.pdf
2026-06-05 07:47:19,309 [INFO] 소송목록추가:20260122_간이회생2025간회합211_관리인조사보고서접수증명_이강영.pdf[일반]
2026-06-05 07:47:19,811 [INFO] ▶ 처리: 2025간회합211_2026.01.22_조사보고서_조사위원_선명회계법인.pdf
2026-06-05 07:47:27,763 [INFO]   [소송] 간이회생절차개시명령 신청사건 [주의]
2026-06-05 07:47:27,764 [INFO] 파일명변경:2025간회합211_2026.01.22_조사보고서_조사위원_선명회계법인.pdf→20260122_주식회사에스티엔_간이조사보고서_2025간회합211.pdf
2026-06-05 07:47:27,800 [INFO] 소송목록추가:20260122_주식회사에스티엔_간이조사보고서_2025간회합211.pdf[주의]
2026-06-05 07:47:28,303 [INFO] ▶ 처리: 2025간회합211_2026.01.22_조사보고서_첨부_조사위원_선명회계법인.pdf
2026-06-05 07:47:36,150 [INFO]   [업무] 추정손익계산서 및 추정자금수지표 (FY2025-FY2035) [일반]
2026-06-05 07:47:36,152 [INFO] 파일명변경:2025간회합211_2026.01.22_조사보고서_첨부_조사위원_선명회계법인.pdf→2026.01.22_선명회계법인_추정손익계산서및자금수지표_FY2025-2035.pdf
2026-06-05 07:47:36,654 [INFO] ▶ 처리: 2025간회합211_2026.01.23_기타신청서_관리인_이강영.pdf
2026-06-05 07:47:43,721 [INFO]   [소송] 2025년 12월 직원급여 지급 허가 신청 [일반]
2026-06-05 07:47:43,722 [INFO] 파일명변경:2025간회합211_2026.01.23_기타신청서_관리인_이강영.pdf→20260120_주식회사에스티엔_2025년12월직원급여지급허가신청서.pdf
2026-06-05 07:47:43,756 [INFO] 소송목록추가:20260120_주식회사에스티엔_2025년12월직원급여지급허가신청서.pdf[일반]
2026-06-05 07:47:44,258 [INFO] ▶ 처리: 2025간회합211_2026.01.23_기타신청서_첨부_관리인_이강영.pdf
2026-06-05 07:47:49,255 [INFO]   [업무] 기타신청서 첨부 관리인 문서 [일반]
2026-06-05 07:47:49,257 [INFO] 파일명변경:2025간회합211_2026.01.23_기타신청서_첨부_관리인_이강영.pdf→20260123_관리인이강영_기타신청서_첨부문서.pdf
2026-06-05 07:47:49,759 [INFO] ▶ 처리: 2025간회합211_2026.01.26_허가서 기타신청서_참여_김규섭.pdf
2026-06-05 07:47:56,038 [INFO]   [소송] 2025년 12월 직원급여 지급 허가 신청 [일반]
2026-06-05 07:47:56,040 [INFO] 파일명변경:2025간회합211_2026.01.26_허가서 기타신청서_참여_김규섭.pdf→20260126_주식회사에스티엔_2025년12월직원급여지급허가신청서.pdf
2026-06-05 07:47:56,077 [INFO] 소송목록추가:20260126_주식회사에스티엔_2025년12월직원급여지급허가신청서.pdf[일반]
2026-06-05 07:47:56,579 [INFO] ▶ 처리: 2025간회합211_2026.01.29_송달보고서_관리인_이강영 (1).pdf
2026-06-05 07:48:01,059 [INFO]   [소송] 2025간회합211 [일반]
2026-06-05 07:48:01,060 [INFO] 파일명변경:2025간회합211_2026.01.29_송달보고서_관리인_이강영 (1).pdf→20260129_법원_송달보고서_관리인이강영.pdf
2026-06-05 07:48:01,098 [INFO] 소송목록추가:20260129_법원_송달보고서_관리인이강영.pdf[일반]
2026-06-05 07:48:01,601 [INFO] ▶ 처리: 2025간회합211_2026.01.29_송달보고서_관리인_이강영.pdf
2026-06-05 07:48:06,852 [INFO]   [소송] 송달보고서 [일반]
2026-06-05 07:48:06,854 [INFO] 파일명변경:2025간회합211_2026.01.29_송달보고서_관리인_이강영.pdf→20260129_이강영_송달보고서_관리인.pdf
2026-06-05 07:48:06,892 [INFO] 소송목록추가:20260129_이강영_송달보고서_관리인.pdf[일반]
2026-06-05 07:48:07,394 [INFO] ▶ 처리: 2025간회합211_2026.01.29_송달보고서_첨부_관리인_이강영.pdf
2026-06-05 07:48:08,414 [WARNING] Could not get FontBBox from font descriptor because None cannot be parsed as 4 floats
2026-06-05 07:48:08,416 [WARNING] Could not get FontBBox from font descriptor because None cannot be parsed as 4 floats
2026-06-05 07:48:08,420 [WARNING] Could not get FontBBox from font descriptor because None cannot be parsed as 4 floats
2026-06-05 07:48:08,422 [WARNING] Could not get FontBBox from font descriptor because None cannot be parsed as 4 floats
2026-06-05 07:48:08,423 [WARNING] Could not get FontBBox from font descriptor because None cannot be parsed as 4 floats
2026-06-05 07:48:08,426 [WARNING] Could not get FontBBox from font descriptor because None cannot be parsed as 4 floats
2026-06-05 07:48:08,427 [WARNING] Could not get FontBBox from font descriptor because None cannot be parsed as 4 floats
2026-06-05 07:48:08,428 [WARNING] Could not get FontBBox from font descriptor because None cannot be parsed as 4 floats
2026-06-05 07:48:13,255 [INFO]   [소송] 간이회생 송달보고서 접수증명 신청 [일반]
2026-06-05 07:48:13,257 [INFO] 파일명변경:2025간회합211_2026.01.29_송달보고서_첨부_관리인_이강영.pdf→20260129_이강영_간이회생사건송달보고서접수증명신청서.pdf
2026-06-05 07:48:13,302 [INFO] 소송목록추가:20260129_이강영_간이회생사건송달보고서접수증명신청서.pdf[일반]
2026-06-05 07:48:13,805 [INFO] ▶ 처리: 2025간회합211_2026.01.29_송달보고서철회서_관리인_이강영.pdf
2026-06-05 07:48:18,475 [INFO]   [소송] 송달보고서철회서 [일반]
2026-06-05 07:48:18,476 [INFO] 파일명변경:2025간회합211_2026.01.29_송달보고서철회서_관리인_이강영.pdf→20260129_이강영_송달보고서철회서.pdf
2026-06-05 07:48:18,517 [INFO] 소송목록추가:20260129_이강영_송달보고서철회서.pdf[일반]
2026-06-05 07:48:19,020 [INFO] ▶ 처리: 2025간회합211_2026.01.30_회생채권이의철회허가신청_채무자 대리인_김율.pdf
2026-06-05 07:48:25,193 [INFO]   [소송] 회생채권 이의철회 허가신청 [일반]
2026-06-05 07:48:25,196 [INFO] 파일명변경:2025간회합211_2026.01.30_회생채권이의철회허가신청_채무자 대리인_김율.pdf→20260130_채무자_회생채권이의철회허가신청_김성우외4건.pdf
2026-06-05 07:48:25,233 [INFO] 소송목록추가:20260130_채무자_회생채권이의철회허가신청_김성우외4건.pdf[일반]
2026-06-05 07:48:25,735 [INFO] ▶ 처리: 2025간회합211_2026.02.02_허가서 회생채권이의철회허가신청_참여_김규섭 (1).pdf
2026-06-05 07:48:32,470 [INFO]   [소송] 회생채권이의철회허가신청 [일반]
2026-06-05 07:48:32,472 [INFO] 파일명변경:2025간회합211_2026.02.02_허가서 회생채권이의철회허가신청_참여_김규섭 (1).pdf→20260202_주식회사에스티엔_회생채권이의철회허가결정_2025간회합211.pdf
2026-06-05 07:48:32,509 [INFO] 소송목록추가:20260202_주식회사에스티엔_회생채권이의철회허가결정_2025간회합211.pdf[일반]
2026-06-05 07:48:33,012 [INFO] ▶ 처리: 2025간회합211_2026.02.02_회생채권 이의철회 및 허가신청(2006-01)_관리인_이강영.pdf
2026-06-05 07:48:39,684 [INFO]   [소송] 회생채권 이의철회 및 허가신청 [일반]
2026-06-05 07:48:39,687 [INFO] 파일명변경:2025간회합211_2026.02.02_회생채권 이의철회 및 허가신청(2006-01)_관리인_이강영.pdf→20260202_간회합211_회생채권이의철회및허가신청.pdf
2026-06-05 07:48:39,722 [INFO] 소송목록추가:20260202_간회합211_회생채권이의철회및허가신청.pdf[일반]
2026-06-05 07:48:40,225 [INFO] ▶ 처리: 2025간회합211_2026.02.05_주요사항요지통지사전보고_관리인_이강영.pdf
2026-06-05 07:48:44,707 [INFO]   [업무] 주요사항요지통지 사전보고 [일반]
2026-06-05 07:48:44,708 [INFO] 파일명변경:2025간회합211_2026.02.05_주요사항요지통지사전보고_관리인_이강영.pdf→20260205_간회합211_주요사항요지통지사전보고_관리인이강영.pdf
2026-06-05 07:48:45,211 [INFO] ▶ 처리: 2025간회합211_2026.02.12_이의철회통지서_참여_김규섭 (1).pdf
2026-06-05 07:48:50,872 [INFO]   [소송] 이의철회통지서 [일반]
2026-06-05 07:48:50,873 [INFO] 파일명변경:2025간회합211_2026.02.12_이의철회통지서_참여_김규섭 (1).pdf→20260212_김규섭_이의철회통지서_2025간회합211.pdf
2026-06-05 07:48:50,911 [INFO] 소송목록추가:20260212_김규섭_이의철회통지서_2025간회합211.pdf[일반]
2026-06-05 07:48:51,414 [INFO] ▶ 처리: 2025간회합211_2026.02.26_회생계획안_채무자 대리인_김율.pdf
2026-06-05 07:48:59,578 [INFO]   [소송] 간이회생 회생계획안 [주의]
2026-06-05 07:48:59,580 [INFO] 파일명변경:2025간회합211_2026.02.26_회생계획안_채무자 대리인_김율.pdf→20260226_주식회사에스티엔_회생계획안_2025간회합211.pdf
2026-06-05 07:48:59,617 [INFO] 소송목록추가:20260226_주식회사에스티엔_회생계획안_2025간회합211.pdf[주의]
2026-06-05 07:49:00,120 [INFO] ▶ 처리: 2025간회합211_2026.02.26_회생계획안_첨부_채무자 대리인_김율.pdf
2026-06-05 07:49:08,894 [INFO]   [소송] 2025간회합211 회생계획안 [주의]
2026-06-05 07:49:08,895 [INFO] 파일명변경:2025간회합211_2026.02.26_회생계획안_첨부_채무자 대리인_김율.pdf→20260226_간회합211_회생계획안_별표목록_채무자대리인김율.pdf
2026-06-05 07:49:08,933 [INFO] 소송목록추가:20260226_간회합211_회생계획안_별표목록_채무자대리인김율.pdf[주의]
2026-06-05 07:49:09,435 [INFO] ▶ 처리: 2025간회합211_2026.03.04_심리 및 결의집회 기일통지 및 의견조회(감독행정청).pdf
2026-06-05 07:49:17,349 [INFO]   [소송] 간이회생 신청사건 관계인집회 기일통지 및 의견조회 [주의]
2026-06-05 07:49:17,350 [INFO] 파일명변경:2025간회합211_2026.03.04_심리 및 결의집회 기일통지 및 의견조회(감독행정청).pdf→20260304_주식회사에스티엔_간이회생심리및결의집회기일통지및의견조회.pdf
2026-06-05 07:49:17,393 [INFO] 소송목록추가:20260304_주식회사에스티엔_간이회생심리및결의집회기일통지및의견조회.pdf[주의]
2026-06-05 07:49:17,895 [INFO] ▶ 처리: 2025간회합211_2026.03.04_회생계획안에 대한 의견조회서(근로자측 대표).pdf
2026-06-05 07:49:25,282 [INFO]   [소송] 간이회생 신청사건 회생계획안에 대한 의견조회 [주의]
2026-06-05 07:49:25,283 [INFO] 파일명변경:2025간회합211_2026.03.04_회생계획안에 대한 의견조회서(근로자측 대표).pdf→20260304_주식회사에스티엔_회생계획안의견조회서_근로자측대표.pdf
2026-06-05 07:49:25,319 [INFO] 소송목록추가:20260304_주식회사에스티엔_회생계획안의견조회서_근로자측대표.pdf[주의]
2026-06-05 07:49:25,821 [INFO] ▶ 처리: 2025간회합211_2026.03.04_회생계획안에 대한 의견조회서(조세징수권자).pdf
2026-06-05 07:49:33,367 [INFO]   [소송] 간이회생 신청사건 [긴급]
2026-06-05 07:49:33,368 [INFO] 파일명변경:2025간회합211_2026.03.04_회생계획안에 대한 의견조회서(조세징수권자).pdf→20260304_주식회사에스티엔_회생계획안의견조회서.pdf
2026-06-05 07:49:33,404 [INFO] 소송목록추가:20260304_주식회사에스티엔_회생계획안의견조회서.pdf[긴급]
2026-06-05 07:49:33,906 [INFO] ▶ 처리: 2025간회합211_2026.03.05_공고로 송달갈음하는 결정(심리및결의집회).pdf
2026-06-05 07:49:42,062 [INFO]   [소송] 간이회생 공고로 송달갈음하는 결정 [주의]
2026-06-05 07:49:42,064 [INFO] 파일명변경:2025간회합211_2026.03.05_공고로 송달갈음하는 결정(심리및결의집회).pdf→20260305_주식회사에스티엔_공고송달갈음결정_간이회생.pdf
2026-06-05 07:49:42,106 [INFO] 소송목록추가:20260305_주식회사에스티엔_공고송달갈음결정_간이회생.pdf[주의]
2026-06-05 07:49:42,608 [INFO] ▶ 처리: 2025간회합211_2026.03.05_집회기일 및 회생계획안요지 통지서(채권자등).pdf
2026-06-05 07:49:49,381 [INFO]   [소송] 집회기일 및 회생계획안요지 통지서 [긴급]
2026-06-05 07:49:49,382 [INFO] 파일명변경:2025간회합211_2026.03.05_집회기일 및 회생계획안요지 통지서(채권자등).pdf→20260409_주식회사에스티엔_집회기일및회생계획안요지통지서.pdf
2026-06-05 07:49:49,416 [INFO] 소송목록추가:20260409_주식회사에스티엔_집회기일및회생계획안요지통지서.pdf[긴급]
2026-06-05 07:49:49,918 [INFO] ▶ 처리: 2025간회합211_2026.03.05_특별조사기일 및 회생계획안 심리 및 결의 집회기일 지정결정.pdf
2026-06-05 07:49:55,647 [INFO]   [소송] 간이회생 [긴급]
2026-06-05 07:49:55,648 [INFO] 파일명변경:2025간회합211_2026.03.05_특별조사기일 및 회생계획안 심리 및 결의 집회기일 지정결정.pdf→20260305_주식회사에스티엔_특별조사기일및회생계획안심리및결의집회기일지정결정.pdf
2026-06-05 07:49:55,695 [INFO] 소송목록추가:20260305_주식회사에스티엔_특별조사기일및회생계획안심리및결의집회기일지정결정.pdf[긴급]
2026-06-05 07:49:56,197 [INFO] ▶ 처리: 2025간회합211_2026.03.20_월간보고서_관리인_이강영.pdf
2026-06-05 07:50:01,094 [INFO]   [업무] 2025간회합211 월간보고서 [일반]
2026-06-05 07:50:01,097 [INFO] 파일명변경:2025간회합211_2026.03.20_월간보고서_관리인_이강영.pdf→20260320_간회합211_월간보고서_관리인이강영.pdf
2026-06-05 07:50:01,599 [INFO] ▶ 처리: 2025간회합211_2026.03.25_2026년 1~2월분 임직원급여 지급 허가 신청_관리인_이강영.pdf
2026-06-05 07:50:07,764 [INFO]   [소송] 2026년 1~2월분 임직원급여 지급 허가 신청 [일반]
2026-06-05 07:50:07,765 [INFO] 파일명변경:2025간회합211_2026.03.25_2026년 1~2월분 임직원급여 지급 허가 신청_관리인_이강영.pdf→2026-03-23_주식회사에스티엔_2026년1-2월분임직원급여지급허가신청.pdf
2026-06-05 07:50:07,815 [INFO] 소송목록추가:2026-03-23_주식회사에스티엔_2026년1-2월분임직원급여지급허가신청.pdf[일반]
2026-06-05 07:50:08,317 [INFO] ▶ 처리: 2025간회합211_2026.03.25_2026년 1~2월분 임직원급여 지급 허가 신청_첨부_관리인_이강영.pdf
2026-06-05 07:50:13,783 [INFO]   [소송] 2026년 1~2월분 임직원급여 지급 허가 신청 [일반]
2026-06-05 07:50:13,785 [INFO] 파일명변경:2025간회합211_2026.03.25_2026년 1~2월분 임직원급여 지급 허가 신청_첨부_관리인_이강영.pdf→2026.03.25_간회합211_2026년 1-2월분 임직원급여 지급 허가 신청.pdf
2026-06-05 07:50:13,827 [INFO] 소송목록추가:2026.03.25_간회합211_2026년 1-2월분 임직원급여 지급 허가 신청.pdf[일반]
2026-06-05 07:50:14,330 [INFO] ▶ 처리: 2025간회합211_2026.03.26_이의철회 허가신청서_관리인_이강영.pdf
2026-06-05 07:50:15,349 [WARNING] Could not get FontBBox from font descriptor because None cannot be parsed as 4 floats
2026-06-05 07:50:15,351 [WARNING] Could not get FontBBox from font descriptor because None cannot be parsed as 4 floats
2026-06-05 07:50:15,358 [WARNING] Could not get FontBBox from font descriptor because None cannot be parsed as 4 floats
2026-06-05 07:50:15,360 [WARNING] Could not get FontBBox from font descriptor because None cannot be parsed as 4 floats
2026-06-05 07:50:15,361 [WARNING] Could not get FontBBox from font descriptor because None cannot be parsed as 4 floats
2026-06-05 07:50:15,362 [WARNING] Could not get FontBBox from font descriptor because None cannot be parsed as 4 floats
2026-06-05 07:50:15,364 [WARNING] Could not get FontBBox from font descriptor because None cannot be parsed as 4 floats
2026-06-05 07:50:15,366 [WARNING] Could not get FontBBox from font descriptor because None cannot be parsed as 4 floats
2026-06-05 07:50:20,643 [INFO]   [소송] 간이회생 [일반]
2026-06-05 07:50:20,645 [INFO] 파일명변경:2025간회합211_2026.03.26_이의철회 허가신청서_관리인_이강영.pdf→20260326_주식회사에스티엔_이의철회허가신청서_2025간회합211.pdf
2026-06-05 07:50:20,683 [INFO] 소송목록추가:20260326_주식회사에스티엔_이의철회허가신청서_2025간회합211.pdf[일반]
2026-06-05 07:50:21,185 [INFO] ▶ 처리: 2025간회합211_2026.03.26_제 2026-07호 이의철회 허가 신청 취하서_관리인_이강영.pdf
2026-06-05 07:50:26,609 [INFO]   [소송] 간이회생 [일반]
2026-06-05 07:50:26,611 [INFO] 파일명변경:2025간회합211_2026.03.26_제 2026-07호 이의철회 허가 신청 취하서_관리인_이강영.pdf→2026-03-26_주식회사에스티엔_이의철회허가신청취하서_2025간회합211.pdf
2026-06-05 07:50:26,650 [INFO] 소송목록추가:2026-03-26_주식회사에스티엔_이의철회허가신청취하서_2025간회합211.pdf[일반]
2026-06-05 07:50:27,152 [INFO] ▶ 처리: 2025간회합211_2026.03.26_제2026-08호 회생채권 이의철회 허가 신청_관리인_이강영.pdf
2026-06-05 07:50:32,825 [INFO]   [소송] 회생채권 이의철회 허가 신청 [일반]
2026-06-05 07:50:32,828 [INFO] 파일명변경:2025간회합211_2026.03.26_제2026-08호 회생채권 이의철회 허가 신청_관리인_이강영.pdf→20260326_간회합211_회생채권이의철회허가신청_제2026-08호_관리인이강영.pdf
2026-06-05 07:50:32,875 [INFO] 소송목록추가:20260326_간회합211_회생채권이의철회허가신청_제2026-08호_관리인이강영.pdf[일반]
2026-06-05 07:50:33,378 [INFO] ▶ 처리: 2025간회합211_2026.03.26_허가서 2026년 1~2월분 임직원급여 지급 허가 신청_참여_김규섭.pdf
2026-06-05 07:50:40,369 [INFO]   [소송] 2026년 1~2월분 임직원급여 지급 허가 신청 [일반]
2026-06-05 07:50:40,372 [INFO] 파일명변경:2025간회합211_2026.03.26_허가서 2026년 1~2월분 임직원급여 지급 허가 신청_참여_김규섭.pdf→2026-03-26_주식회사에스티엔_2026년1-2월분임직원급여지급허가신청.pdf
2026-06-05 07:50:40,411 [INFO] 소송목록추가:2026-03-26_주식회사에스티엔_2026년1-2월분임직원급여지급허가신청.pdf[일반]
2026-06-05 07:50:40,914 [INFO] ▶ 처리: 2025간회합211_2026.03.27_주요 사항 요지 통지 결과 보고 취하서_관리인_이강영.pdf
2026-06-05 07:50:47,081 [INFO]   [소송] 간이회생 [일반]
2026-06-05 07:50:47,082 [INFO] 파일명변경:2025간회합211_2026.03.27_주요 사항 요지 통지 결과 보고 취하서_관리인_이강영.pdf→20260327_주식회사에스티엔_간이회생주요사항요지통지결과보고취하서.pdf
2026-06-05 07:50:47,131 [INFO] 소송목록추가:20260327_주식회사에스티엔_간이회생주요사항요지통지결과보고취하서.pdf[일반]
2026-06-05 07:50:47,634 [INFO] ▶ 처리: 2025간회합211_2026.03.27_주요 사항 요지 통지 결과 보고_관리인_이강영.pdf
2026-06-05 07:50:55,908 [INFO]   [소송] 간이회생 [일반]
2026-06-05 07:50:55,909 [INFO] 파일명변경:2025간회합211_2026.03.27_주요 사항 요지 통지 결과 보고_관리인_이강영.pdf→2026.03.27_주식회사에스티엔_간이회생주요사항요지통지결과보고서.pdf
2026-06-05 07:50:55,945 [INFO] 소송목록추가:2026.03.27_주식회사에스티엔_간이회생주요사항요지통지결과보고서.pdf[일반]
2026-06-05 07:50:56,448 [INFO] ▶ 처리: 2025간회합211_2026.03.27_허가서 제2026-08호 회생채권 이의철회 허가 신청_참여_김규섭.pdf
2026-06-05 07:51:01,686 [INFO]   [소송] 간이회생 [일반]
2026-06-05 07:51:01,688 [INFO] 파일명변경:2025간회합211_2026.03.27_허가서 제2026-08호 회생채권 이의철회 허가 신청_참여_김규섭.pdf→20260327_주식회사 에스티엔_회생채권 이의철회 허가 결정문.pdf
2026-06-05 07:51:01,728 [INFO] 소송목록추가:20260327_주식회사 에스티엔_회생채권 이의철회 허가 결정문.pdf[일반]
2026-06-05 07:51:02,231 [INFO] ▶ 처리: 2025간회합211_2026.04.01_주요사항 요지 통지 결과 보고_관리인_이강영.pdf
2026-06-05 07:51:07,986 [INFO]   [소송] 간이회생 [일반]
2026-06-05 07:51:07,987 [INFO] 파일명변경:2025간회합211_2026.04.01_주요사항 요지 통지 결과 보고_관리인_이강영.pdf→20260330_주식회사에스티엔_간이회생주요사항요지통지결과보고.pdf
2026-06-05 07:51:08,029 [INFO] 소송목록추가:20260330_주식회사에스티엔_간이회생주요사항요지통지결과보고.pdf[일반]
2026-06-05 07:51:08,532 [INFO] ▶ 처리: 2025간회합211_2026.04.01_주요사항 요지 통지 결과 보고_첨부_관리인_이강영.pdf
2026-06-05 07:51:13,382 [INFO]   [업무] 주요사항 요지 통지 결과 보고 [일반]
2026-06-05 07:51:13,385 [INFO] 파일명변경:2025간회합211_2026.04.01_주요사항 요지 통지 결과 보고_첨부_관리인_이강영.pdf→2026.04.01_간회합211_주요사항요지통지결과보고_관리인이강영.pdf
2026-06-05 07:51:13,888 [INFO] ▶ 처리: 2025간회합211_2026.04.01_참고자료_채권자 대리인_법무법인 상상 (1).pdf
2026-06-05 07:51:19,742 [INFO]   [소송] 주식회사 에스티엔 간이회생 사건 참고자료 [일반]
2026-06-05 07:51:19,743 [INFO] 파일명변경:2025간회합211_2026.04.01_참고자료_채권자 대리인_법무법인 상상 (1).pdf→20260401_주식회사씨엘오미디어_간이회생참고자료제출.pdf
2026-06-05 07:51:19,790 [INFO] 소송목록추가:20260401_주식회사씨엘오미디어_간이회생참고자료제출.pdf[일반]
2026-06-05 07:51:20,293 [INFO] ▶ 처리: 2025간회합211_2026.04.03_관계인집회 변경통지서(감독행정청).pdf
2026-06-05 07:51:26,596 [INFO]   [소송] 간이회생 [긴급]
2026-06-05 07:51:26,598 [INFO] 파일명변경:2025간회합211_2026.04.03_관계인집회 변경통지서(감독행정청).pdf→20260403_주식회사에스티엔_관계인집회변경통지서.pdf
2026-06-05 07:51:26,641 [INFO] 소송목록추가:20260403_주식회사에스티엔_관계인집회변경통지서.pdf[긴급]
2026-06-05 07:51:27,143 [INFO] ▶ 처리: 2025간회합211_2026.04.03_심리및결의집회기일 변경결정(송달갈음결정 포함).pdf
2026-06-05 07:51:32,916 [INFO]   [소송] 간이회생 심리 및 결의 집회기일 변경결정 [긴급]
2026-06-05 07:51:32,918 [INFO] 파일명변경:2025간회합211_2026.04.03_심리및결의집회기일 변경결정(송달갈음결정 포함).pdf→2026-05-14_주식회사에스티엔_심리및결의집회기일변경결정.pdf
2026-06-05 07:51:32,959 [INFO] 소송목록추가:2026-05-14_주식회사에스티엔_심리및결의집회기일변경결정.pdf[긴급]
2026-06-05 07:51:33,462 [INFO] ▶ 처리: 2025간회합211_2026.04.03_이의철회통지서_참여_김규섭.pdf
2026-06-05 07:51:38,450 [INFO]   [소송 또는 업무] 이의철회통지서 [일반]
2026-06-05 07:51:38,451 [INFO] 파일명변경:2025간회합211_2026.04.03_이의철회통지서_참여_김규섭.pdf→2026.04.03_참여_이의철회통지서_김규섭.pdf
2026-06-05 07:51:38,954 [INFO] ▶ 처리: 2025간회합211_2026.04.14_회생 사건에 대한 이의신청_채권자_부평세무서 (1).pdf
2026-06-05 07:51:43,707 [INFO]   [소송] 회생 사건에 대한 이의신청 [주의]
2026-06-05 07:51:43,708 [INFO] 파일명변경:2025간회합211_2026.04.14_회생 사건에 대한 이의신청_채권자_부평세무서 (1).pdf→20260414_부평세무서_회생사건이의신청.pdf
2026-06-05 07:51:43,749 [INFO] 소송목록추가:20260414_부평세무서_회생사건이의신청.pdf[주의]
2026-06-05 07:51:44,252 [INFO] ▶ 처리: 2025간회합211_2026.04.24_2026년 3월 임직원급여 지급 허가 신청_관리인_이강영.pdf
2026-06-05 07:51:50,998 [INFO]   [소송] 2026년 3월 임직원급여 지급 허가 신청 [일반]
2026-06-05 07:51:50,999 [INFO] 파일명변경:2025간회합211_2026.04.24_2026년 3월 임직원급여 지급 허가 신청_관리인_이강영.pdf→20260424_주식회사에스티엔_2026년3월임직원급여지급허가신청.pdf
2026-06-05 07:51:51,042 [INFO] 소송목록추가:20260424_주식회사에스티엔_2026년3월임직원급여지급허가신청.pdf[일반]
2026-06-05 07:51:51,545 [INFO] ▶ 처리: 2025간회합211_2026.04.24_2026년 3월 임직원급여 지급 허가 신청_첨부_관리인_이강영.pdf
2026-06-05 07:51:56,961 [INFO]   [소송] 2026년 3월 임직원급여 지급 허가 신청 [일반]
2026-06-05 07:51:56,962 [INFO] 파일명변경:2025간회합211_2026.04.24_2026년 3월 임직원급여 지급 허가 신청_첨부_관리인_이강영.pdf→20260424_회사명미상_2026년3월임직원급여지급허가신청.pdf
2026-06-05 07:51:57,010 [INFO] 소송목록추가:20260424_회사명미상_2026년3월임직원급여지급허가신청.pdf[일반]
2026-06-05 07:51:57,513 [INFO] ▶ 처리: 2025간회합211_2026.04.27_허가서 2026년 3월 임직원급여 지급 허가 신청_참여_김규섭.pdf
2026-06-05 07:52:04,106 [INFO]   [소송] 2026년 3월 임직원급여 지급 허가 신청 [일반]
2026-06-05 07:52:04,109 [INFO] 파일명변경:2025간회합211_2026.04.27_허가서 2026년 3월 임직원급여 지급 허가 신청_참여_김규섭.pdf→2026-04-27_주식회사에스티엔_2026년3월임직원급여지급허가신청_허가서.pdf
2026-06-05 07:52:04,156 [INFO] 소송목록추가:2026-04-27_주식회사에스티엔_2026년3월임직원급여지급허가신청_허가서.pdf[일반]
2026-06-05 07:52:04,659 [INFO] ▶ 처리: 2025간회합211_2026.05.07_가결기간의 연장결정 (1).pdf
2026-06-05 07:52:09,968 [INFO]   [소송] 간이회생 가결기간의 연장결정 [주의]
2026-06-05 07:52:09,969 [INFO] 파일명변경:2025간회합211_2026.05.07_가결기간의 연장결정 (1).pdf→20260507_주식회사에스티엔_간이회생가결기간연장결정.pdf
2026-06-05 07:52:10,017 [INFO] 소송목록추가:20260507_주식회사에스티엔_간이회생가결기간연장결정.pdf[주의]
2026-06-05 07:52:10,520 [INFO] ▶ 처리: 2025간회합211_2026.05.07_관계인집회 기일 연기 신청_관리인_이강영.pdf
2026-06-05 07:52:16,902 [INFO]   [소송] 간이회생 관계인집회 기일 연기 신청 [긴급]
2026-06-05 07:52:16,903 [INFO] 파일명변경:2025간회합211_2026.05.07_관계인집회 기일 연기 신청_관리인_이강영.pdf→20260507_주식회사에스티엔_관계인집회기일연기신청서.pdf
2026-06-05 07:52:16,948 [INFO] 소송목록추가:20260507_주식회사에스티엔_관계인집회기일연기신청서.pdf[긴급]
2026-06-05 07:52:17,450 [INFO] ▶ 처리: 2025간회합211_2026.05.07_관계인집회 변경통지서(감독행정청) (1).pdf
2026-06-05 07:52:22,892 [INFO]   [소송] 간이회생 [긴급]
2026-06-05 07:52:22,894 [INFO] 파일명변경:2025간회합211_2026.05.07_관계인집회 변경통지서(감독행정청) (1).pdf→20260507_주식회사에스티엔_관계인집회변경통지서.pdf
2026-06-05 07:52:22,938 [INFO] 소송목록추가:20260507_주식회사에스티엔_관계인집회변경통지서.pdf[긴급]
2026-06-05 07:52:23,440 [INFO] ▶ 처리: 2025간회합211_2026.05.07_관계인집회 변경통지서(채권자등) (1).pdf
2026-06-05 07:52:29,251 [INFO]   [소송] 간이회생 관계인집회 변경통지서 [긴급]
2026-06-05 07:52:29,253 [INFO] 파일명변경:2025간회합211_2026.05.07_관계인집회 변경통지서(채권자등) (1).pdf→20260611_주식회사에스티엔_관계인집회변경통지서.pdf
2026-06-05 07:52:29,299 [INFO] 소송목록추가:20260611_주식회사에스티엔_관계인집회변경통지서.pdf[긴급]
2026-06-05 07:52:29,802 [INFO] ▶ 처리: 2025간회합211_2026.05.07_심리및결의집회기일 변경결정(송달갈음결정 포함) (1).pdf
2026-06-05 07:52:35,987 [INFO]   [소송] 간이회생 [긴급]
2026-06-05 07:52:35,988 [INFO] 파일명변경:2025간회합211_2026.05.07_심리및결의집회기일 변경결정(송달갈음결정 포함) (1).pdf→20260611_주식회사에스티엔_관계인집회기일변경결정.pdf
2026-06-05 07:52:36,044 [INFO] 소송목록추가:20260611_주식회사에스티엔_관계인집회기일변경결정.pdf[긴급]
2026-06-05 07:52:36,547 [INFO] ▶ 처리: 2025간회합211_2026.05.20_월간보고서_관리인_이강영.pdf
2026-06-05 07:52:41,884 [INFO]   [업무] 월간보고서_관리인_이강영 [일반]
2026-06-05 07:52:41,888 [INFO] 파일명변경:2025간회합211_2026.05.20_월간보고서_관리인_이강영.pdf→20260520_월간보고서_관리인_이강영.pdf
2026-06-05 07:52:42,391 [INFO] ▶ 처리: 20260205_에스티엔미디어_인사급여_급여명세서.pdf
2026-06-05 07:52:48,750 [INFO]   [업무] 2026년 4월 급여명세서 [일반]
2026-06-05 07:52:48,752 [INFO] 파일명변경:20260205_에스티엔미디어_인사급여_급여명세서.pdf→20260205_에스티엔미디어_2026년4월_급여명세서.pdf
2026-06-05 07:52:49,255 [INFO] ▶ 처리: 20260515_에스티엔_내용증명_관리비미납최고.pdf
2026-06-05 07:52:56,440 [INFO]   [소송] 관리비 미납 최고 및 법적 조치 예고 [긴급]
2026-06-05 07:52:56,442 [INFO] 파일명변경:20260515_에스티엔_내용증명_관리비미납최고.pdf→20260515_에스티엔_관리비미납최고내용증명_부평테크노타워.pdf
2026-06-05 07:52:56,489 [INFO] 소송목록추가:20260515_에스티엔_관리비미납최고내용증명_부평테크노타워.pdf[긴급]
2026-06-05 07:52:56,992 [INFO] ▶ 처리: 20260520_기타_공문신청_주민등록등본.pdf
2026-06-05 07:53:03,398 [INFO]   [업무] 주민등록등본 발급 [일반]
2026-06-05 07:53:03,399 [INFO] 파일명변경:20260520_기타_공문신청_주민등록등본.pdf→20260520_인천광역시계양구_주민등록등본_김준영.pdf
2026-06-05 07:53:03,902 [INFO] ▶ 처리: 20260520_기타_기타_주민등록등본.pdf
2026-06-05 07:53:10,834 [INFO]   [업무] 주민등록등본 [일반]
2026-06-05 07:53:10,835 [INFO] 파일명변경:20260520_기타_기타_주민등록등본.pdf→20260520_인천광역시계양구_주민등록등본_김준영_1.pdf
2026-06-05 07:53:11,337 [INFO] ▶ 처리: 20260521_에스티엔_내용증명_광고계약운영분쟁.pdf
2026-06-05 07:53:20,267 [INFO]   [소송] stn 광고계약 및 운영에 대한 건 [긴급]
2026-06-05 07:53:20,268 [INFO] 파일명변경:20260521_에스티엔_내용증명_광고계약운영분쟁.pdf→20260521_에스티엔_내용증명_stn광고계약운영분쟁.pdf
2026-06-05 07:53:20,316 [INFO] 소송목록추가:20260521_에스티엔_내용증명_stn광고계약운영분쟁.pdf[긴급]
2026-06-05 07:53:20,820 [INFO] ▶ 처리: 20260521_에스티엔미디어_내용증명_광고운영협의요청.pdf
2026-06-05 07:53:29,055 [INFO]   [소송 또는 업무] stn 광고 운영에 대한 건 [긴급]
2026-06-05 07:53:29,558 [INFO] ▶ 처리: 20260527_기타_계약서_인턴십지원사업협약.pdf
2026-06-05 07:53:38,012 [INFO]   [업무] 2026년 스포츠산업 인턴십 지원사업 협약서 [일반]
2026-06-05 07:53:38,014 [INFO] 파일명변경:20260527_기타_계약서_인턴십지원사업협약.pdf→20260527_서울울림필기녀국민체육진흥공단_스포츠산업인턴십지원사업협약서.pdf
2026-06-05 07:53:38,518 [INFO] ▶ 처리: PG계약서.pdf
2026-06-05 07:53:45,948 [INFO]   [업무] 통합 서비스 계약서 [일반]
2026-06-05 07:53:45,951 [INFO] 파일명변경:PG계약서.pdf→20181125_헥토파이낸셜_통합서비스계약서_1.pdf
2026-06-05 07:53:46,454 [INFO] ▶ 처리: SCAN_20260528_112640945_20260528_111749.pdf
2026-06-05 07:53:54,102 [INFO]   [소송] 이직확인서 발급요청 [일반]
2026-06-05 07:53:54,103 [INFO] 파일명변경:SCAN_20260528_112640945_20260528_111749.pdf→20260228_STN방송_이직확인서발급요청서.pdf
2026-06-05 07:53:54,153 [INFO] 소송목록추가:20260228_STN방송_이직확인서발급요청서.pdf[일반]
2026-06-05 07:53:54,656 [INFO] ▶ 처리: stn주주명부.pdf
2026-06-05 07:54:01,600 [INFO]   [업무] 주주명부 [일반]
2026-06-05 07:54:01,601 [INFO] 파일명변경:stn주주명부.pdf→20260522_주식회사에프엔미디어_주주명부.pdf
2026-06-05 07:54:02,104 [INFO] ▶ 처리: 경영 의사결정권 위임 및 확약서.pdf
2026-06-05 07:54:07,320 [INFO]   [업무] 경영 의사결정권 위임 및 확약서 [일반]
2026-06-05 07:54:07,323 [INFO] 파일명변경:경영 의사결정권 위임 및 확약서.pdf→2026_STN_경영의사결정권위임및확약서.pdf
2026-06-05 07:54:07,826 [INFO] ▶ 처리: 김상윤 개약직 근로계약서.pdf
2026-06-05 07:54:14,003 [INFO]   [업무] 계약직 근로계약서 [일반]
2026-06-05 07:54:14,004 [INFO] 파일명변경:김상윤 개약직 근로계약서.pdf→20010206_에스티엘미디어_김상윤개약직근로계약서.pdf
2026-06-05 07:54:14,507 [INFO] ▶ 처리: 김지민 계약직 근로계약서.pdf
2026-06-05 07:54:21,011 [INFO]   [업무] 김지민 계약직 근로계약서 [일반]
2026-06-05 07:54:21,012 [INFO] 파일명변경:김지민 계약직 근로계약서.pdf→20010206_부평테크노타워_김지민계약직근로계약서.pdf
2026-06-05 07:54:21,516 [INFO] ▶ 처리: 매출전표_20260520.pdf
2026-06-05 07:54:27,521 [INFO]   [업무] 법인카드 매출전표 [일반]
2026-06-05 07:54:27,524 [INFO] 파일명변경:매출전표_20260520.pdf→20260520_SC제일은행현대카드_매출전표.pdf
2026-06-05 07:54:28,027 [INFO] ▶ 처리: 반진혁.pdf
2026-06-05 07:54:35,237 [INFO]   [소송] 이직확인서 발급요청서 [일반]
2026-06-05 07:54:35,239 [INFO] 파일명변경:반진혁.pdf→20260520_STN방송_이직확인서발급요청서.pdf
2026-06-05 07:54:35,282 [INFO] 소송목록추가:20260520_STN방송_이직확인서발급요청서.pdf[일반]
2026-06-05 07:54:35,785 [INFO] ▶ 처리: 부당이득금 조형수.pdf
2026-06-05 07:54:41,812 [INFO]   [소송] 부당이득금 [주의]
2026-06-05 07:54:41,813 [INFO] 파일명변경:부당이득금 조형수.pdf→2026-05-11_조형수_부당이득금 소장.pdf
2026-06-05 07:54:41,864 [INFO] 소송목록추가:2026-05-11_조형수_부당이득금 소장.pdf[주의]
2026-06-05 07:54:42,368 [INFO] ▶ 처리: 부동산개발 합작법인설립 및 자문계약서.pdf
2026-06-05 07:54:49,078 [INFO]   [업무] 부동산 개발 합작법인 설립 및 자문계약서 [일반]
2026-06-05 07:54:49,080 [INFO] 파일명변경:부동산개발 합작법인설립 및 자문계약서.pdf→20260511_유정우이강영_부동산개발합작법인설립및자문계약서.pdf
2026-06-05 07:54:49,583 [INFO] ▶ 처리: 소송 이강영 특정경제범죄가중처벌 기각.pdf
2026-06-05 07:54:59,119 [INFO]   [소송] 특정경제범죄가중처벌등에관한법률위반(사기) [주의]
2026-06-05 07:54:59,122 [INFO] 파일명변경:소송 이강영 특정경제범죄가중처벌 기각.pdf→20260605_이강영_특정경제범죄가중처벌등에관한법률위반_기각결정통지.pdf
2026-06-05 07:54:59,170 [INFO] 소송목록추가:20260605_이강영_특정경제범죄가중처벌등에관한법률위반_기각결정통지.pdf[주의]
2026-06-05 07:54:59,673 [INFO] ▶ 처리: 수입.지출내역.pdf
2026-06-05 07:55:05,270 [INFO]   [업무] 수입 상세 내역 [일반]
2026-06-05 07:55:05,272 [INFO] 파일명변경:수입.지출내역.pdf→2026.05.01-05.30_전액_수입상세내역.pdf
2026-06-05 07:55:05,774 [INFO] ▶ 처리: 에스티엔 5월 매출.pdf
2026-06-05 07:55:13,960 [INFO]   [업무] 미금전세금계산서 세금계산서 매출 [일반]
2026-06-05 07:55:13,961 [INFO] 파일명변경:에스티엔 5월 매출.pdf→20260605_에스티엔_미금전세금계산서세금계산서매출110-81-74341.pdf
2026-06-05 07:55:14,464 [INFO] ▶ 처리: 에스티엔 5월 매출현황.pdf
2026-06-05 07:55:21,295 [INFO]   [업무] 2026년 5월 매출현황 보고 [일반]
2026-06-05 07:55:21,297 [INFO] 파일명변경:에스티엔 5월 매출현황.pdf→20260605_에스티엔_5월매출현황보고서.pdf
2026-06-05 07:55:21,799 [INFO] ▶ 처리: 에스티엔 매출전표(2025.5).pdf
2026-06-05 07:55:29,129 [INFO]   [업무] 법인카드(현대카드 COMPANY체크카드) 2025년 5월 사용내역 [일반]
2026-06-05 07:55:29,132 [INFO] 파일명변경:에스티엔 매출전표(2025.5).pdf→2025년5월_에스티엔_법인카드매출전표.pdf
2026-06-05 07:55:29,635 [INFO] ▶ 처리: 에스티엔 콘텐츠재제작 판매계약서.pdf
2026-06-05 07:55:35,172 [INFO]   [업무] 콘텐츠 재제작·판매 계약서 [일반]
2026-06-05 07:55:35,174 [INFO] 파일명변경:에스티엔 콘텐츠재제작 판매계약서.pdf→20260605_에스티엔_콘텐츠재제작판매계약서.pdf
2026-06-05 07:55:35,677 [INFO] ▶ 처리: 에스티엔미디어 2025 재무제표.pdf
2026-06-05 07:55:49,599 [INFO]   [업무] 표준재무제표증명 [일반]
2026-06-05 07:55:49,600 [INFO] 파일명변경:에스티엔미디어 2025 재무제표.pdf→20260520_에스티엔미디어_표준재무제표증명.pdf
2026-06-05 07:55:50,103 [INFO] ▶ 처리: 에스티엔미디어2024 재무제표.pdf
2026-06-05 07:56:04,684 [INFO]   [업무] 표준재무제표증명 [일반]
2026-06-05 07:56:04,686 [INFO] 파일명변경:에스티엔미디어2024 재무제표.pdf→20260520_주식회사에스티엔미디어_표준재무제표증명.pdf
2026-06-05 07:56:05,189 [INFO] ▶ 처리: 에스티엔미디어등기부등본(6.2).pdf
2026-06-05 07:56:12,709 [INFO]   [업무] 등기사항전부증명서(현재 유효사항) [일반]
2026-06-05 07:56:12,710 [INFO] 파일명변경:에스티엔미디어등기부등본(6.2).pdf→20260423_에스티엔미디어_등기사항전부증명서.pdf
2026-06-05 07:56:13,214 [INFO] ▶ 처리: 이미정 건강보험 자격득실.pdf
2026-06-05 07:56:21,878 [INFO]   [업무] 건강보험 자격득실확인서 [일반]
2026-06-05 07:56:21,879 [INFO] 파일명변경:이미정 건강보험 자격득실.pdf→20260520_이미정_건강보험자격득실확인서.pdf
2026-06-05 07:56:22,383 [INFO] ▶ 처리: 이미정 건강보험득실확인서.pdf
2026-06-05 07:56:29,267 [INFO]   [업무] 이미정 건강보험자격득실확인서 [일반]
2026-06-05 07:56:29,268 [INFO] 파일명변경:이미정 건강보험득실확인서.pdf→20260520_국민건강보험공단_건강보험자격득실확인서_이미정.pdf
2026-06-05 07:56:29,772 [INFO] ▶ 처리: 이미정사건기록.pdf
2026-06-05 07:56:40,732 [INFO]   [소송] 전지개인회생 [주의]
2026-06-05 07:56:40,733 [INFO] 파일명변경:이미정사건기록.pdf→20240827_이미정_전원합의체회부신청서.pdf
2026-06-05 07:56:40,778 [INFO] 소송목록추가:20240827_이미정_전원합의체회부신청서.pdf[주의]
2026-06-05 07:56:41,282 [INFO] ▶ 처리: 이형주.pdf
2026-06-05 07:56:48,757 [INFO]   [소송] 이직확인서 발급요청서 [일반]
2026-06-05 07:56:48,758 [INFO] 파일명변경:이형주.pdf→20260228_전화번호_이직확인서발급요청서.pdf
2026-06-05 07:56:48,802 [INFO] 소송목록추가:20260228_전화번호_이직확인서발급요청서.pdf[일반]
2026-06-05 07:56:49,305 [INFO] ▶ 처리: 인턴십지원사원협약서.pdf
2026-06-05 07:56:56,599 [INFO]   [업무] 2026년 스포츠산업 인턴십 지원사업 협약서 [일반]
2026-06-05 07:56:56,602 [INFO] 파일명변경:인턴십지원사원협약서.pdf→20260605_서울올림픽기념국민체육진흥공단_2026년스포츠산업인턴십지원사업협약서.pdf
2026-06-05 07:56:57,105 [INFO] ▶ 처리: 주거래은행(제일)5.1~5.15.pdf
2026-06-05 07:57:02,946 [INFO]   [업무] 제일은행 기업자유예금 거래명세 [일반]
2026-06-05 07:57:02,947 [INFO] 파일명변경:주거래은행(제일)5.1~5.15.pdf→20260501-0515_주에스티엔_제일은행거래명세서.pdf
2026-06-05 07:57:03,451 [INFO] ▶ 처리: 주식인수계약서.pdf
2026-06-05 07:57:10,268 [INFO]   [업무] STN 주식인수계약서 [일반]
2026-06-05 07:57:10,271 [INFO] 파일명변경:주식인수계약서.pdf→20260605_STN_조건부주식인수계약서_양도인이강영_양수인유정우.pdf
2026-06-05 07:57:10,774 [INFO] ▶ 처리: 플래닛네이처-헥토 pg계약(갑).pdf
2026-06-05 07:57:17,841 [INFO]   [업무] 통합 서비스 계약서 [일반]
2026-06-05 07:57:17,844 [INFO] 파일명변경:플래닛네이처-헥토 pg계약(갑).pdf→2018-11-25_플래닛네이처디어_헥토파이낸셜_통합서비스계약서.pdf
2026-06-05 07:57:18,347 [INFO] ▶ 처리: 플래닛네이처-헥토 pg계약(을).pdf
2026-06-05 07:57:25,550 [INFO]   [업무] 헥토파이낸셜 통합 서비스 계약서 [일반]
2026-06-05 07:57:25,552 [INFO] 파일명변경:플래닛네이처-헥토 pg계약(을).pdf→2018-11-25_플래닛네이처디티아이_헥토파이낸셜_통합서비스계약서.pdf
2026-06-05 07:57:26,056 [INFO] ▶ 처리: 플레네이처미디어 헥토 pg계약서.pdf
2026-06-05 07:57:33,096 [INFO]   [업무] 통합 서비스 계약서 [일반]
2026-06-05 07:57:33,099 [INFO] 파일명변경:플레네이처미디어 헥토 pg계약서.pdf→20181125_플레네이처미디어_통합서비스계약서.pdf
2026-06-05 07:57:34,303 [INFO] DriveID 299개
2026-06-05 07:57:34,342 [INFO] HTML갱신완료(299개,소송:113,드라이브:298)
2026-06-05 07:57:36,427 [WARNING] GitHub 업로드 오류: To https://github.com/stnhub210-dev/stnscan.git
 ! [rejected]        main -> main (fetch first)
erro
2026-06-05 07:57:36,428 [INFO] 폴더감시시작:C:\Users\User\Desktop\스캔
